PRT1
476
1031
4 0 3 (2784 0 160 ) (2784 0 288 ) (2560 0 288 ) (2560 0 160 ) 
4 1 253 (2784 -1024 672 ) (2560 -1024 672 ) (2560 -1024 608 ) (2784 -1024 608 ) 
4 1 2 (2560 0 608 ) (2784 0 608 ) (2784 -1024 608 ) (2560 -1024 608 ) 
4 2 253 (2560 -1024 384 ) (2784 -1024 384 ) (2784 -1024 608 ) (2560 -1024 608 ) 
4 2 3 (2784 -1024 384 ) (2560 -1024 384 ) (2560 0 384 ) (2784 0 384 ) 
4 3 253 (2784 -1024 384 ) (2560 -1024 384 ) (2560 -1024 160 ) (2784 -1024 160 ) 
4 3 4 (2560 0 160 ) (2784 0 160 ) (2784 -512 160 ) (2560 -512 160 ) 
4 3 5 (2784 -768 160 ) (2784 -1024 160 ) (2560 -1024 160 ) (2560 -768 160 ) 
4 5 254 (2784 -1024 32 ) (2784 -1024 160 ) (2560 -1024 160 ) (2560 -1024 32 ) 
4 6 8 (2192 -160 608 ) (2192 -224 608 ) (2192 -224 736 ) (2192 -160 736 ) 
4 7 21 (2176 -160 320 ) (2176 -160 352 ) (2176 -128 352 ) (2176 -128 320 ) 
4 7 14 (2192 -160 320 ) (2192 -160 352 ) (2176 -160 352 ) (2176 -160 320 ) 
4 8 11 (2184 -221 722 ) (2184 -221 734 ) (2184 -163 734 ) (2184 -163 722 ) 
4 8 10 (2184 -221 734 ) (2184 -221 736 ) (2184 -163 736 ) (2184 -163 734 ) 
4 8 12 (2184 -163 608 ) (2184 -221 608 ) (2184 -221 722 ) (2184 -163 722 ) 
4 8 9 (2184 -160 736 ) (2184 -160 608 ) (2184 -163 608 ) (2184 -163 736 ) 
4 8 13 (2184 -221 608 ) (2184 -224 608 ) (2184 -224 736 ) (2184 -221 736 ) 
4 9 21 (2176 -163 736 ) (2176 -160 736 ) (2176 -160 608 ) (2176 -163 608 ) 
4 9 11 (2184 -163 722 ) (2184 -163 734 ) (2176 -163 734 ) (2176 -163 722 ) 
4 9 10 (2184 -163 734 ) (2184 -163 736 ) (2176 -163 736 ) (2176 -163 734 ) 
4 9 12 (2176 -163 608 ) (2184 -163 608 ) (2184 -163 722 ) (2176 -163 722 ) 
4 10 21 (2176 -221 736 ) (2176 -163 736 ) (2176 -163 734 ) (2176 -221 734 ) 
4 10 13 (2184 -221 734 ) (2184 -221 736 ) (2176 -221 736 ) (2176 -221 734 ) 
4 10 11 (2184 -221 734 ) (2176 -221 734 ) (2176 -163 734 ) (2184 -163 734 ) 
4 11 21 (2176 -163 734 ) (2176 -163 722 ) (2176 -221 722 ) (2176 -221 734 ) 
4 11 12 (2184 -221 722 ) (2176 -221 722 ) (2176 -163 722 ) (2184 -163 722 ) 
4 11 13 (2184 -221 722 ) (2184 -221 734 ) (2176 -221 734 ) (2176 -221 722 ) 
4 12 21 (2176 -163 722 ) (2176 -163 608 ) (2176 -221 608 ) (2176 -221 722 ) 
4 12 13 (2176 -221 608 ) (2184 -221 608 ) (2184 -221 722 ) (2176 -221 722 ) 
4 13 21 (2176 -224 608 ) (2176 -224 736 ) (2176 -221 736 ) (2176 -221 608 ) 
4 14 21 (2176 -224 320 ) (2176 -224 352 ) (2176 -160 352 ) (2176 -160 320 ) 
4 14 15 (2192 -224 320 ) (2192 -224 352 ) (2176 -224 352 ) (2176 -224 320 ) 
4 15 21 (2176 -256 320 ) (2176 -256 352 ) (2176 -224 352 ) (2176 -224 320 ) 
4 16 28 (2304 -448 160 ) (2304 -448 288 ) (2176 -448 288 ) (2176 -448 160 ) 
4 16 25 (2240 -448 352 ) (2176 -448 352 ) (2176 -448 320 ) (2240 -448 320 ) 
4 16 24 (2304 -448 320 ) (2304 -448 352 ) (2240 -448 352 ) (2240 -448 320 ) 
4 16 23 (2304 -448 480 ) (2304 -448 512 ) (2176 -448 512 ) (2176 -448 480 ) 
4 16 22 (2176 -448 160 ) (2176 -448 544 ) (2176 -256 544 ) (2176 -256 160 ) 
4 17 19 (2176 -128 736 ) (2176 -128 752 ) (2144 -128 752 ) (2144 -128 736 ) 
4 18 20 (2112 -128 752 ) (2080 -128 752 ) (2080 -128 736 ) (2112 -128 736 ) 
4 19 21 (2176 -256 736 ) (2144 -256 736 ) (2144 -128 736 ) (2176 -128 736 ) 
4 20 21 (2112 -256 736 ) (2080 -256 736 ) (2080 -128 736 ) (2112 -128 736 ) 
4 21 105 (2048 -130 286 ) (2048 -130 160 ) (2048 -254 160 ) (2048 -254 286 ) 
4 21 104 (2048 -254 382 ) (2048 -130 382 ) (2048 -130 286 ) (2048 -254 286 ) 
4 21 103 (2048 -130 382 ) (2048 -128 382 ) (2048 -128 160 ) (2048 -130 160 ) 
4 21 108 (2048 -256 160 ) (2048 -256 382 ) (2048 -254 382 ) (2048 -254 160 ) 
4 21 88 (2048 -256 382 ) (2048 -256 544 ) (2048 -128 544 ) (2048 -128 382 ) 
4 21 86 (2048 -256 576 ) (2048 -256 736 ) (2048 -128 736 ) (2048 -128 576 ) 
4 21 22 (2176 -256 160 ) (2176 -256 544 ) (2048 -256 544 ) (2048 -256 160 ) 
4 24 25 (2240 -448 320 ) (2240 -454 320 ) (2240 -454 352 ) (2240 -448 352 ) 
4 26 30 (2176 -480 320 ) (2240 -480 320 ) (2240 -480 352 ) (2176 -480 352 ) 
4 26 27 (2176 -472 320 ) (2176 -480 320 ) (2176 -480 352 ) (2176 -472 352 ) 
4 27 30 (2112 -480 320 ) (2176 -480 320 ) (2176 -480 352 ) (2112 -480 352 ) 
4 28 30 (2304 -480 160 ) (2304 -480 288 ) (2176 -480 288 ) (2176 -480 160 ) 
4 29 145 (2048 -672 416 ) (2048 -672 480 ) (2048 -512 480 ) (2048 -512 416 ) 
4 29 144 (2048 -512 480 ) (2048 -480 480 ) (2048 -480 416 ) (2048 -512 416 ) 
4 29 141 (2048 -672 480 ) (2048 -672 544 ) (2048 -576 544 ) (2048 -576 480 ) 
4 29 139 (2048 -576 544 ) (2048 -480 544 ) (2048 -480 480 ) (2048 -576 480 ) 
4 29 130 (2048 -672 544 ) (2048 -672 576 ) (2048 -480 576 ) (2048 -480 544 ) 
4 30 170 (2048 -512 160 ) (2048 -512 288 ) (2048 -480 288 ) (2048 -480 160 ) 
4 30 152 (2048 -512 288 ) (2048 -512 384 ) (2048 -480 384 ) (2048 -480 288 ) 
4 30 55 (2144 -512 215 ) (2048 -512 215 ) (2048 -512 162.019012 ) (2144 -512 162.019012 ) 
4 30 60 (2048 -512 162.019012 ) (2048 -512 160 ) (2144 -512 160 ) (2144 -512 162.019012 ) 
4 30 54 (2272 -512 215 ) (2144 -512 215 ) (2144 -512 168 ) (2272 -512 168 ) 
4 30 53 (2304 -512 160 ) (2304 -512 215 ) (2272 -512 215 ) (2272 -512 160 ) 
4 30 52 (2304 -512 215 ) (2304 -512 222 ) (2048 -512 222 ) (2048 -512 215 ) 
4 30 42 (2049 -512 222 ) (2050 -512 222 ) (2050 -512 286 ) (2049 -512 286 ) 
4 30 51 (2048 -512 286 ) (2048 -512 222 ) (2049 -512 222 ) (2049 -512 286 ) 
4 30 41 (2050 -512 384 ) (2048 -512 384 ) (2048 -512 286 ) (2050 -512 286 ) 
4 30 36 (2300 -512 384 ) (2050 -512 384 ) (2050 -512 222 ) (2300 -512 222 ) 
4 30 35 (2304 -512 222 ) (2304 -512 384 ) (2300 -512 384 ) (2300 -512 222 ) 
4 31 32 (2144 -512 408 ) (2208 -512 408 ) (2208 -640 408 ) (2144 -640 408 ) 
4 32 33 (2112 -640 388 ) (2112 -512 388 ) (2240 -512 388 ) (2240 -640 388 ) 
4 33 34 (2112 -640 386 ) (2112 -512 386 ) (2240 -512 386 ) (2240 -640 386 ) 
4 34 37 (2112 -636 384 ) (2112 -516 384 ) (2240 -516 384 ) (2240 -636 384 ) 
4 34 36 (2112 -516 384 ) (2112 -512 384 ) (2240 -512 384 ) (2240 -516 384 ) 
4 34 40 (2240 -640 384 ) (2112 -640 384 ) (2112 -636 384 ) (2240 -636 384 ) 
4 35 66 (2304 -640 222 ) (2304 -640 384 ) (2300 -640 384 ) (2300 -640 222 ) 
4 35 52 (2304 -640 222 ) (2300 -640 222 ) (2300 -512 222 ) (2304 -512 222 ) 
4 35 38 (2300 -636 292 ) (2300 -636 293 ) (2300 -516 293 ) (2300 -516 292 ) 
4 35 37 (2300 -636 293 ) (2300 -636 384 ) (2300 -516 384 ) (2300 -516 293 ) 
4 35 39 (2300 -516 222 ) (2300 -636 222 ) (2300 -636 292 ) (2300 -516 292 ) 
4 35 36 (2300 -512 222 ) (2300 -516 222 ) (2300 -516 384 ) (2300 -512 384 ) 
4 35 40 (2300 -636 222 ) (2300 -640 222 ) (2300 -640 384 ) (2300 -636 384 ) 
4 36 52 (2050 -516 222 ) (2050 -512 222 ) (2300 -512 222 ) (2300 -516 222 ) 
4 36 43 (2050 -514 222 ) (2050 -516 222 ) (2050 -516 286 ) (2050 -514 286 ) 
4 36 42 (2050 -512 286 ) (2050 -512 222 ) (2050 -514 222 ) (2050 -514 286 ) 
4 36 41 (2050 -512 384 ) (2050 -512 286 ) (2050 -516 286 ) (2050 -516 384 ) 
4 36 38 (2300 -516 292 ) (2300 -516 293 ) (2050 -516 293 ) (2050 -516 292 ) 
4 36 37 (2300 -516 293 ) (2300 -516 384 ) (2050 -516 384 ) (2050 -516 293 ) 
4 36 39 (2300 -516 222 ) (2300 -516 292 ) (2050 -516 292 ) (2050 -516 222 ) 
4 37 41 (2050 -636 293 ) (2050 -636 384 ) (2050 -516 384 ) (2050 -516 293 ) 
4 37 40 (2300 -636 293 ) (2300 -636 384 ) (2050 -636 384 ) (2050 -636 293 ) 
4 37 38 (2300 -636 293 ) (2050 -636 293 ) (2050 -516 293 ) (2300 -516 293 ) 
4 38 41 (2050 -636 292 ) (2050 -636 293 ) (2050 -516 293 ) (2050 -516 292 ) 
4 38 39 (2300 -636 292 ) (2050 -636 292 ) (2050 -516 292 ) (2300 -516 292 ) 
4 38 40 (2300 -636 292 ) (2300 -636 293 ) (2050 -636 293 ) (2050 -636 292 ) 
4 39 52 (2050 -636 222 ) (2050 -516 222 ) (2300 -516 222 ) (2300 -636 222 ) 
4 39 49 (2050 -598 222 ) (2050 -636 222 ) (2050 -636 284.984009 ) (2050 -598 284.984009 ) 
4 39 48 (2050 -636 284.984009 ) (2050 -636 286 ) (2050 -598 286 ) (2050 -598 284.984009 ) 
4 39 46 (2050 -560 222 ) (2050 -592 222 ) (2050 -592 285 ) (2050 -560 285 ) 
4 39 45 (2050 -592 285 ) (2050 -592 286 ) (2050 -560 286 ) (2050 -560 285 ) 
4 39 47 (2050 -592 222 ) (2050 -598 222 ) (2050 -598 286 ) (2050 -592 286 ) 
4 39 43 (2050 -516 222 ) (2050 -554 222 ) (2050 -554 286 ) (2050 -516 286 ) 
4 39 44 (2050 -554 222 ) (2050 -560 222 ) (2050 -560 286 ) (2050 -554 286 ) 
4 39 41 (2050 -636 286 ) (2050 -636 292 ) (2050 -516 292 ) (2050 -516 286 ) 
4 39 40 (2300 -636 222 ) (2300 -636 292 ) (2050 -636 292 ) (2050 -636 222 ) 
4 40 67 (2240 -640 384 ) (2050 -640 384 ) (2050 -640 222 ) (2240 -640 222 ) 
4 40 66 (2300 -640 384 ) (2240 -640 384 ) (2240 -640 222 ) (2300 -640 222 ) 
4 40 52 (2300 -640 222 ) (2050 -640 222 ) (2050 -636 222 ) (2300 -636 222 ) 
4 40 49 (2050 -636 222 ) (2050 -638 222 ) (2050 -638 284.984009 ) (2050 -636 284.984009 ) 
4 40 48 (2050 -638 284.984009 ) (2050 -638 286 ) (2050 -636 286 ) (2050 -636 284.984009 ) 
4 40 50 (2050 -638 222 ) (2050 -640 222 ) (2050 -640 286 ) (2050 -638 286 ) 
4 40 41 (2050 -640 286 ) (2050 -640 384 ) (2050 -636 384 ) (2050 -636 286 ) 
4 41 172 (2048 -640 286 ) (2048 -640 288 ) (2048 -512 288 ) (2048 -512 286 ) 
4 41 157 (2048 -640 288 ) (2048 -640 320 ) (2048 -512 320 ) (2048 -512 288 ) 
4 41 155 (2048 -640 320 ) (2048 -640 352 ) (2048 -512 352 ) (2048 -512 320 ) 
4 41 154 (2048 -640 352 ) (2048 -640 384 ) (2048 -512 384 ) (2048 -512 352 ) 
4 41 67 (2048 -640 384 ) (2048 -640 286 ) (2050 -640 286 ) (2050 -640 384 ) 
4 41 48 (2050 -598 286 ) (2050 -638 286 ) (2049 -638 286 ) (2049 -598 286 ) 
4 41 50 (2050 -638 286 ) (2050 -640 286 ) (2049 -640 286 ) (2049 -638 286 ) 
4 41 45 (2050 -560 286 ) (2050 -592 286 ) (2049 -592 286 ) (2049 -560 286 ) 
4 41 47 (2050 -592 286 ) (2050 -598 286 ) (2049 -598 286 ) (2049 -592 286 ) 
4 41 43 (2050 -514 286 ) (2050 -554 286 ) (2049 -554 286 ) (2049 -514 286 ) 
4 41 42 (2049 -512 286 ) (2050 -512 286 ) (2050 -514 286 ) (2049 -514 286 ) 
4 41 44 (2050 -554 286 ) (2050 -560 286 ) (2049 -560 286 ) (2049 -554 286 ) 
4 41 51 (2048 -512 286 ) (2049 -512 286 ) (2049 -640 286 ) (2048 -640 286 ) 
4 42 52 (2049 -514 222 ) (2049 -512 222 ) (2050 -512 222 ) (2050 -514 222 ) 
4 42 51 (2049 -512 222 ) (2049 -514 222 ) (2049 -514 286 ) (2049 -512 286 ) 
4 42 43 (2049 -514 286 ) (2049 -514 222 ) (2050 -514 222 ) (2050 -514 286 ) 
4 43 52 (2049 -554 222 ) (2049 -514 222 ) (2050 -514 222 ) (2050 -554 222 ) 
4 43 44 (2049 -554 286 ) (2049 -554 222 ) (2050 -554 222 ) (2050 -554 286 ) 
4 43 51 (2049 -514 222 ) (2049 -554 222 ) (2049 -554 286 ) (2049 -514 286 ) 
4 44 52 (2049 -560 222 ) (2049 -554 222 ) (2050 -554 222 ) (2050 -560 222 ) 
4 44 46 (2049 -560 285 ) (2049 -560 222 ) (2050 -560 222 ) (2050 -560 285 ) 
4 44 45 (2049 -560 286 ) (2049 -560 285 ) (2050 -560 285 ) (2050 -560 286 ) 
4 44 51 (2049 -554 222 ) (2049 -560 222 ) (2049 -560 286 ) (2049 -554 286 ) 
4 45 47 (2049 -592 286 ) (2049 -592 285 ) (2050 -592 285 ) (2050 -592 286 ) 
4 45 51 (2049 -592 285 ) (2049 -592 286 ) (2049 -560 286 ) (2049 -560 285 ) 
4 45 46 (2050 -592 285 ) (2049 -592 285 ) (2049 -560 285 ) (2050 -560 285 ) 
4 46 52 (2049 -592 222 ) (2049 -560 222 ) (2050 -560 222 ) (2050 -592 222 ) 
4 46 47 (2049 -592 285 ) (2049 -592 222 ) (2050 -592 222 ) (2050 -592 285 ) 
4 46 51 (2049 -560 222 ) (2049 -592 222 ) (2049 -592 285 ) (2049 -560 285 ) 
4 47 52 (2049 -598 222 ) (2049 -592 222 ) (2050 -592 222 ) (2050 -598 222 ) 
4 47 49 (2049 -598 284.984009 ) (2049 -598 222 ) (2050 -598 222 ) (2050 -598 284.984009 ) 
4 47 48 (2049 -598 286 ) (2049 -598 284.984009 ) (2050 -598 284.984009 ) (2050 -598 286 ) 
4 47 51 (2049 -592 222 ) (2049 -598 222 ) (2049 -598 286 ) (2049 -592 286 ) 
4 48 50 (2049 -638 286 ) (2049 -638 284.984009 ) (2050 -638 284.984009 ) (2050 -638 286 ) 
4 48 51 (2049 -638 284.984009 ) (2049 -638 286 ) (2049 -598 286 ) (2049 -598 284.984009 ) 
4 48 49 (2050 -638 284.984009 ) (2049 -638 284.984009 ) (2049 -598 284.984009 ) (2050 -598 284.984009 ) 
4 49 52 (2049 -638 222 ) (2049 -598 222 ) (2050 -598 222 ) (2050 -638 222 ) 
4 49 50 (2049 -638 284.984009 ) (2049 -638 222 ) (2050 -638 222 ) (2050 -638 284.984009 ) 
4 49 51 (2049 -598 222 ) (2049 -638 222 ) (2049 -638 284.984009 ) (2049 -598 284.984009 ) 
4 50 67 (2049 -640 222 ) (2050 -640 222 ) (2050 -640 286 ) (2049 -640 286 ) 
4 50 52 (2050 -640 222 ) (2049 -640 222 ) (2049 -638 222 ) (2050 -638 222 ) 
4 50 51 (2049 -638 222 ) (2049 -640 222 ) (2049 -640 286 ) (2049 -638 286 ) 
4 51 172 (2048 -640 222 ) (2048 -640 286 ) (2048 -512 286 ) (2048 -512 222 ) 
4 51 67 (2048 -640 286 ) (2048 -640 222 ) (2049 -640 222 ) (2049 -640 286 ) 
4 51 52 (2049 -640 222 ) (2048 -640 222 ) (2048 -512 222 ) (2049 -512 222 ) 
4 52 172 (2048 -640 215 ) (2048 -640 222 ) (2048 -512 222 ) (2048 -512 215 ) 
4 52 67 (2240 -640 222 ) (2048 -640 222 ) (2048 -640 215 ) (2240 -640 215 ) 
4 52 66 (2304 -640 215 ) (2304 -640 222 ) (2240 -640 222 ) (2240 -640 215 ) 
4 52 62 (2049 -598 215 ) (2050 -598 215 ) (2050 -638 215 ) (2049 -638 215 ) 
4 52 61 (2050 -598 215 ) (2144 -598 215 ) (2144 -638 215 ) (2050 -638 215 ) 
4 52 63 (2048 -638 215 ) (2048 -598 215 ) (2049 -598 215 ) (2049 -638 215 ) 
4 52 65 (2144 -640 215 ) (2048 -640 215 ) (2048 -638 215 ) (2144 -638 215 ) 
4 52 58 (2050 -554 215 ) (2050 -598 215 ) (2049 -598 215 ) (2049 -554 215 ) 
4 52 57 (2049 -514 215 ) (2050 -514 215 ) (2050 -554 215 ) (2049 -554 215 ) 
4 52 56 (2050 -514 215 ) (2144 -514 215 ) (2144 -598 215 ) (2050 -598 215 ) 
4 52 59 (2048 -598 215 ) (2048 -514 215 ) (2049 -514 215 ) (2049 -598 215 ) 
4 52 55 (2048 -514 215 ) (2048 -512 215 ) (2144 -512 215 ) (2144 -514 215 ) 
4 52 54 (2272 -640 215 ) (2144 -640 215 ) (2144 -512 215 ) (2272 -512 215 ) 
4 52 53 (2304 -640 215 ) (2272 -640 215 ) (2272 -512 215 ) (2304 -512 215 ) 
4 53 66 (2304 -640 160 ) (2304 -640 215 ) (2272 -640 215 ) (2272 -640 160 ) 
4 53 54 (2272 -640 168 ) (2272 -640 215 ) (2272 -512 215 ) (2272 -512 168 ) 
4 54 67 (2240 -640 215 ) (2144 -640 215 ) (2144 -640 168 ) (2240 -640 168 ) 
4 54 66 (2272 -640 215 ) (2240 -640 215 ) (2240 -640 168 ) (2272 -640 168 ) 
4 54 61 (2144 -638 215 ) (2144 -598 215 ) (2144 -598 168 ) (2144 -638 168 ) 
4 54 65 (2144 -640 168 ) (2144 -640 215 ) (2144 -638 215 ) (2144 -638 168 ) 
4 54 56 (2144 -598 215 ) (2144 -514 215 ) (2144 -514 168 ) (2144 -598 168 ) 
4 54 55 (2144 -514 215 ) (2144 -512 215 ) (2144 -512 168 ) (2144 -514 168 ) 
4 55 172 (2048 -514 215 ) (2048 -512 215 ) (2048 -512 162.019012 ) (2048 -514 162.019012 ) 
4 55 57 (2049 -514 162.019012 ) (2050 -514 162.019012 ) (2050 -514 215 ) (2049 -514 215 ) 
4 55 56 (2050 -514 162.019012 ) (2144 -514 162.019012 ) (2144 -514 215 ) (2050 -514 215 ) 
4 55 59 (2048 -514 162.019012 ) (2049 -514 162.019012 ) (2049 -514 215 ) (2048 -514 215 ) 
4 55 60 (2048 -514 162.019012 ) (2048 -512 162.019012 ) (2144 -512 162.019012 ) (2144 -514 162.019012 ) 
4 56 61 (2144 -598 162.019012 ) (2144 -598 215 ) (2050 -598 215 ) (2050 -598 162.019012 ) 
4 56 58 (2050 -554 162.019012 ) (2050 -598 162.019012 ) (2050 -598 215 ) (2050 -554 215 ) 
4 56 57 (2050 -514 215 ) (2050 -514 162.019012 ) (2050 -554 162.019012 ) (2050 -554 215 ) 
4 56 60 (2144 -598 162.019012 ) (2050 -598 162.019012 ) (2050 -514 162.019012 ) (2144 -514 162.019012 ) 
4 57 60 (2049 -554 162.019012 ) (2049 -514 162.019012 ) (2050 -514 162.019012 ) (2050 -554 162.019012 ) 
4 57 59 (2049 -514 215 ) (2049 -514 162.019012 ) (2049 -554 162.019012 ) (2049 -554 215 ) 
4 57 58 (2049 -554 215 ) (2049 -554 162.019012 ) (2050 -554 162.019012 ) (2050 -554 215 ) 
4 58 62 (2050 -598 215 ) (2049 -598 215 ) (2049 -598 162.019012 ) (2050 -598 162.019012 ) 
4 58 60 (2050 -598 162.019012 ) (2049 -598 162.019012 ) (2049 -554 162.019012 ) (2050 -554 162.019012 ) 
4 58 59 (2049 -554 162.019012 ) (2049 -598 162.019012 ) (2049 -598 215 ) (2049 -554 215 ) 
4 59 172 (2048 -598 215 ) (2048 -514 215 ) (2048 -514 162.019012 ) (2048 -598 162.019012 ) 
4 59 63 (2049 -598 215 ) (2048 -598 215 ) (2048 -598 162.019012 ) (2049 -598 162.019012 ) 
4 59 60 (2049 -598 162.019012 ) (2048 -598 162.019012 ) (2048 -514 162.019012 ) (2049 -514 162.019012 ) 
4 60 172 (2048 -512 162.019012 ) (2048 -512 160 ) (2048 -598 160 ) (2048 -598 162.019012 ) 
4 60 62 (2050 -598 162.019012 ) (2049 -598 162.019012 ) (2049 -598 161 ) (2050 -598 161 ) 
4 60 61 (2144 -598 161 ) (2144 -598 162.019012 ) (2050 -598 162.019012 ) (2050 -598 161 ) 
4 60 63 (2049 -598 162.019012 ) (2048 -598 162.019012 ) (2048 -598 161 ) (2049 -598 161 ) 
4 60 64 (2048 -598 160 ) (2144 -598 160 ) (2144 -598 161 ) (2048 -598 161 ) 
4 61 65 (2144 -638 161 ) (2144 -638 215 ) (2050 -638 215 ) (2050 -638 161 ) 
4 61 64 (2144 -638 161 ) (2050 -638 161 ) (2050 -598 161 ) (2144 -598 161 ) 
4 61 62 (2050 -598 215 ) (2050 -598 161 ) (2050 -638 161 ) (2050 -638 215 ) 
4 62 63 (2049 -598 215 ) (2049 -598 161 ) (2049 -638 161 ) (2049 -638 215 ) 
4 62 65 (2050 -638 215 ) (2049 -638 215 ) (2049 -638 161 ) (2050 -638 161 ) 
4 62 64 (2050 -638 161 ) (2049 -638 161 ) (2049 -598 161 ) (2050 -598 161 ) 
4 63 172 (2048 -638 215 ) (2048 -598 215 ) (2048 -598 161 ) (2048 -638 161 ) 
4 63 64 (2049 -638 161 ) (2048 -638 161 ) (2048 -598 161 ) (2049 -598 161 ) 
4 63 65 (2049 -638 215 ) (2048 -638 215 ) (2048 -638 161 ) (2049 -638 161 ) 
4 64 172 (2048 -598 161 ) (2048 -598 160 ) (2048 -638 160 ) (2048 -638 161 ) 
4 64 65 (2048 -638 160 ) (2144 -638 160 ) (2144 -638 161 ) (2048 -638 161 ) 
4 65 172 (2048 -640 160 ) (2048 -640 215 ) (2048 -638 215 ) (2048 -638 160 ) 
4 65 67 (2144 -640 215 ) (2048 -640 215 ) (2048 -640 160 ) (2144 -640 160 ) 
4 66 67 (2240 -640 384 ) (2240 -640 160 ) (2240 -672 160 ) (2240 -672 384 ) 
4 67 174 (2048 -672 160 ) (2048 -672 288 ) (2048 -640 288 ) (2048 -640 160 ) 
4 67 157 (2048 -672 288 ) (2048 -672 320 ) (2048 -640 320 ) (2048 -640 288 ) 
4 67 155 (2048 -672 320 ) (2048 -672 352 ) (2048 -640 352 ) (2048 -640 320 ) 
4 67 154 (2048 -672 352 ) (2048 -672 384 ) (2048 -640 384 ) (2048 -640 352 ) 
4 67 69 (2112 -672 160 ) (2240 -672 160 ) (2240 -672 192 ) (2112 -672 192 ) 
4 67 68 (2112 -672 320 ) (2240 -672 320 ) (2240 -672 352 ) (2112 -672 352 ) 
4 70 394 (0 0 193 ) (0 0 321 ) (0 64 321 ) (0 64 193 ) 
4 70 216 (0 0 321 ) (0 0 193 ) (128 0 193 ) (128 0 321 ) 
4 71 86 (2016 -256 736 ) (2016 -128 736 ) (2048 -128 736 ) (2048 -256 736 ) 
4 72 86 (1952 -256 736 ) (1952 -128 736 ) (1984 -128 736 ) (1984 -256 736 ) 
4 73 86 (1888 -256 736 ) (1888 -128 736 ) (1920 -128 736 ) (1920 -256 736 ) 
4 74 86 (1824 -256 736 ) (1824 -128 736 ) (1856 -128 736 ) (1856 -256 736 ) 
4 75 86 (1760 -256 736 ) (1760 -128 736 ) (1792 -128 736 ) (1792 -256 736 ) 
4 76 93 (1696 -256 736 ) (1696 -128 736 ) (1728 -128 736 ) (1728 -256 736 ) 
4 77 102 (1632 -256 736 ) (1632 -128 736 ) (1664 -128 736 ) (1664 -256 736 ) 
4 78 102 (1568 -256 736 ) (1568 -128 736 ) (1600 -128 736 ) (1600 -256 736 ) 
4 79 102 (1504 -256 736 ) (1504 -128 736 ) (1536 -128 736 ) (1536 -256 736 ) 
4 80 102 (1440 -256 736 ) (1440 -128 736 ) (1472 -128 736 ) (1472 -256 736 ) 
4 81 102 (1376 -256 736 ) (1376 -128 736 ) (1408 -128 736 ) (1408 -256 736 ) 
4 82 103 (1984 -128 160 ) (1984 -128 192 ) (1856 -128 192 ) (1856 -128 160 ) 
4 83 103 (1792 -128 160 ) (1792 -128 192 ) (1536 -128 192 ) (1536 -128 160 ) 
4 83 85 (1536 -128 160 ) (1536 -128 192 ) (1536 -120 192 ) (1536 -120 160 ) 
4 84 115 (1344 -128 320 ) (1280 -128 320 ) (1280 -128 288 ) (1344 -128 288 ) 
4 84 103 (1536 -128 288 ) (1536 -128 320 ) (1344 -128 320 ) (1344 -128 288 ) 
4 85 115 (1344 -128 192 ) (1280 -128 192 ) (1280 -128 160 ) (1344 -128 160 ) 
4 85 103 (1536 -128 160 ) (1536 -128 192 ) (1344 -128 192 ) (1344 -128 160 ) 
4 86 92 (1758 -128 736 ) (1758 -128 576 ) (1758 -256 576 ) (1758 -256 736 ) 
4 86 87 (1984 -256 576 ) (1856 -256 576 ) (1856 -128 576 ) (1984 -128 576 ) 
4 87 88 (1984 -256 544 ) (1856 -256 544 ) (1856 -128 544 ) (1984 -128 544 ) 
4 88 104 (1790 -254 382 ) (1790 -130 382 ) (2048 -130 382 ) (2048 -254 382 ) 
4 88 103 (1790 -130 382 ) (1790 -128 382 ) (2048 -128 382 ) (2048 -130 382 ) 
4 88 108 (2048 -256 382 ) (1790 -256 382 ) (1790 -254 382 ) (2048 -254 382 ) 
4 88 90 (1790 -254 384 ) (1790 -254 544 ) (1790 -130 544 ) (1790 -130 384 ) 
4 88 89 (1790 -128 382 ) (1790 -130 382 ) (1790 -130 544 ) (1790 -128 544 ) 
4 88 91 (1790 -254 382 ) (1790 -256 382 ) (1790 -256 544 ) (1790 -254 544 ) 
4 89 103 (1758 -130 382 ) (1758 -128 382 ) (1790 -128 382 ) (1790 -130 382 ) 
4 89 94 (1758 -128 544 ) (1758 -128 382 ) (1758 -130 382 ) (1758 -130 544 ) 
4 89 90 (1790 -130 384 ) (1790 -130 544 ) (1758 -130 544 ) (1758 -130 384 ) 
4 90 97 (1758 -254 384 ) (1758 -254 544 ) (1758 -224 544 ) (1758 -224 384 ) 
4 90 96 (1758 -224 544 ) (1758 -160 544 ) (1758 -160 388 ) (1758 -224 388 ) 
4 90 95 (1758 -160 544 ) (1758 -130 544 ) (1758 -130 384 ) (1758 -160 384 ) 
4 90 91 (1790 -254 384 ) (1790 -254 544 ) (1758 -254 544 ) (1758 -254 384 ) 
4 91 108 (1790 -256 382 ) (1758 -256 382 ) (1758 -254 382 ) (1790 -254 382 ) 
4 91 98 (1758 -254 382 ) (1758 -256 382 ) (1758 -256 544 ) (1758 -254 544 ) 
4 92 93 (1728 -128 736 ) (1728 -128 576 ) (1728 -256 576 ) (1728 -256 736 ) 
4 93 100 (1694 -130 544 ) (1694 -254 544 ) (1694 -254 736 ) (1694 -130 736 ) 
4 93 99 (1694 -128 736 ) (1694 -128 544 ) (1694 -130 544 ) (1694 -130 736 ) 
4 93 101 (1694 -254 544 ) (1694 -256 544 ) (1694 -256 736 ) (1694 -254 736 ) 
4 93 97 (1694 -254 544 ) (1694 -224 544 ) (1728 -224 544 ) (1728 -254 544 ) 
4 93 98 (1694 -256 544 ) (1694 -254 544 ) (1728 -254 544 ) (1728 -256 544 ) 
4 93 96 (1694 -224 544 ) (1694 -160 544 ) (1728 -160 544 ) (1728 -224 544 ) 
4 93 95 (1694 -160 544 ) (1694 -130 544 ) (1728 -130 544 ) (1728 -160 544 ) 
4 93 94 (1694 -130 544 ) (1694 -128 544 ) (1728 -128 544 ) (1728 -130 544 ) 
4 94 103 (1694 -130 382 ) (1694 -128 382 ) (1758 -128 382 ) (1758 -130 382 ) 
4 94 99 (1694 -128 544 ) (1694 -128 382 ) (1694 -130 382 ) (1694 -130 544 ) 
4 94 95 (1758 -130 384 ) (1758 -130 544 ) (1694 -130 544 ) (1694 -130 384 ) 
4 95 100 (1694 -160 384 ) (1694 -160 544 ) (1694 -130 544 ) (1694 -130 384 ) 
4 95 96 (1758 -160 388 ) (1758 -160 544 ) (1694 -160 544 ) (1694 -160 388 ) 
4 96 100 (1694 -224 388 ) (1694 -224 544 ) (1694 -160 544 ) (1694 -160 388 ) 
4 96 97 (1758 -224 388 ) (1758 -224 544 ) (1694 -224 544 ) (1694 -224 388 ) 
4 97 100 (1694 -254 384 ) (1694 -254 544 ) (1694 -224 544 ) (1694 -224 384 ) 
4 97 98 (1758 -254 384 ) (1758 -254 544 ) (1694 -254 544 ) (1694 -254 384 ) 
4 98 108 (1758 -256 382 ) (1694 -256 382 ) (1694 -254 382 ) (1758 -254 382 ) 
4 98 101 (1694 -254 382 ) (1694 -256 382 ) (1694 -256 544 ) (1694 -254 544 ) 
4 99 103 (1666 -130 382 ) (1666 -128 382 ) (1694 -128 382 ) (1694 -130 382 ) 
4 99 100 (1666 -130 736 ) (1666 -130 384 ) (1694 -130 384 ) (1694 -130 736 ) 
4 99 102 (1666 -128 736 ) (1666 -128 382 ) (1666 -130 382 ) (1666 -130 736 ) 
4 100 102 (1666 -254 384 ) (1666 -254 736 ) (1666 -130 736 ) (1666 -130 384 ) 
4 100 101 (1666 -254 736 ) (1666 -254 384 ) (1694 -254 384 ) (1694 -254 736 ) 
4 101 108 (1694 -256 382 ) (1666 -256 382 ) (1666 -254 382 ) (1694 -254 382 ) 
4 101 102 (1666 -254 382 ) (1666 -256 382 ) (1666 -256 736 ) (1666 -254 736 ) 
4 102 125 (1344 -256 416 ) (1344 -256 382 ) (1536 -256 382 ) (1536 -256 416 ) 
4 102 117 (1344 -224 382 ) (1344 -256 382 ) (1344 -256 544 ) (1344 -224 544 ) 
4 102 116 (1344 -160 382 ) (1344 -224 382 ) (1344 -224 544 ) (1344 -160 544 ) 
4 102 115 (1344 -128 544 ) (1344 -128 382 ) (1344 -160 382 ) (1344 -160 544 ) 
4 102 111 (1344 -221 722 ) (1344 -221 734 ) (1344 -163 734 ) (1344 -163 722 ) 
4 102 110 (1344 -221 734 ) (1344 -221 736 ) (1344 -163 736 ) (1344 -163 734 ) 
4 102 112 (1344 -163 608 ) (1344 -221 608 ) (1344 -221 722 ) (1344 -163 722 ) 
4 102 109 (1344 -160 608 ) (1344 -163 608 ) (1344 -163 736 ) (1344 -160 736 ) 
4 102 113 (1344 -221 608 ) (1344 -224 608 ) (1344 -224 736 ) (1344 -221 736 ) 
4 102 104 (1344 -254 382 ) (1344 -130 382 ) (1666 -130 382 ) (1666 -254 382 ) 
4 102 103 (1344 -130 382 ) (1344 -128 382 ) (1666 -128 382 ) (1666 -130 382 ) 
4 102 108 (1666 -256 382 ) (1344 -256 382 ) (1344 -254 382 ) (1666 -254 382 ) 
4 103 115 (1344 -128 382 ) (1344 -128 160 ) (1344 -130 160 ) (1344 -130 382 ) 
4 103 107 (1344 -130 286 ) (1344 -130 160 ) (1538 -130 160 ) (1538 -130 286 ) 
4 103 106 (1540 -130 160 ) (1792 -130 160 ) (1792 -130 286 ) (1540 -130 286 ) 
4 103 105 (1794 -130 160 ) (2048 -130 160 ) (2048 -130 286 ) (1794 -130 286 ) 
4 103 104 (2048 -130 382 ) (1344 -130 382 ) (1344 -130 286 ) (2048 -130 286 ) 
4 104 117 (1344 -254 286 ) (1344 -254 382 ) (1344 -224 382 ) (1344 -224 286 ) 
4 104 116 (1344 -224 382 ) (1344 -160 382 ) (1344 -160 286 ) (1344 -224 286 ) 
4 104 115 (1344 -160 382 ) (1344 -130 382 ) (1344 -130 286 ) (1344 -160 286 ) 
4 104 107 (1538 -254 286 ) (1344 -254 286 ) (1344 -130 286 ) (1538 -130 286 ) 
4 104 106 (1792 -254 286 ) (1540 -254 286 ) (1540 -130 286 ) (1792 -130 286 ) 
4 104 105 (2048 -254 286 ) (1794 -254 286 ) (1794 -130 286 ) (2048 -130 286 ) 
4 104 108 (2048 -254 382 ) (1344 -254 382 ) (1344 -254 286 ) (2048 -254 286 ) 
4 105 108 (1794 -254 160 ) (2048 -254 160 ) (2048 -254 286 ) (1794 -254 286 ) 
4 106 108 (1540 -254 160 ) (1792 -254 160 ) (1792 -254 286 ) (1540 -254 286 ) 
4 107 117 (1344 -224 160 ) (1344 -254 160 ) (1344 -254 286 ) (1344 -224 286 ) 
4 107 116 (1344 -160 160 ) (1344 -224 160 ) (1344 -224 286 ) (1344 -160 286 ) 
4 107 115 (1344 -130 160 ) (1344 -160 160 ) (1344 -160 286 ) (1344 -130 286 ) 
4 107 108 (1344 -254 286 ) (1344 -254 160 ) (1538 -254 160 ) (1538 -254 286 ) 
4 108 125 (1536 -256 382 ) (1344 -256 382 ) (1344 -256 160 ) (1536 -256 160 ) 
4 108 124 (1984 -256 192 ) (1856 -256 192 ) (1856 -256 160 ) (1984 -256 160 ) 
4 108 117 (1344 -254 160 ) (1344 -256 160 ) (1344 -256 382 ) (1344 -254 382 ) 
4 109 111 (1336 -163 734 ) (1336 -163 722 ) (1344 -163 722 ) (1344 -163 734 ) 
4 109 110 (1336 -163 736 ) (1336 -163 734 ) (1344 -163 734 ) (1344 -163 736 ) 
4 109 112 (1336 -163 722 ) (1336 -163 608 ) (1344 -163 608 ) (1344 -163 722 ) 
4 109 114 (1336 -160 736 ) (1336 -160 608 ) (1336 -163 608 ) (1336 -163 736 ) 
4 110 113 (1336 -221 736 ) (1336 -221 734 ) (1344 -221 734 ) (1344 -221 736 ) 
4 110 114 (1336 -221 734 ) (1336 -221 736 ) (1336 -163 736 ) (1336 -163 734 ) 
4 110 111 (1344 -221 734 ) (1336 -221 734 ) (1336 -163 734 ) (1344 -163 734 ) 
4 111 112 (1344 -221 722 ) (1336 -221 722 ) (1336 -163 722 ) (1344 -163 722 ) 
4 111 113 (1336 -221 734 ) (1336 -221 722 ) (1344 -221 722 ) (1344 -221 734 ) 
4 111 114 (1336 -221 722 ) (1336 -221 734 ) (1336 -163 734 ) (1336 -163 722 ) 
4 112 114 (1336 -163 608 ) (1336 -221 608 ) (1336 -221 722 ) (1336 -163 722 ) 
4 112 113 (1336 -221 722 ) (1336 -221 608 ) (1344 -221 608 ) (1344 -221 722 ) 
4 113 114 (1336 -221 608 ) (1336 -224 608 ) (1336 -224 736 ) (1336 -221 736 ) 
4 114 121 (1280 -208 608 ) (1280 -224 608 ) (1280 -224 736 ) (1280 -208 736 ) 
4 114 119 (1280 -176 608 ) (1280 -208 608 ) (1280 -208 736 ) (1280 -176 736 ) 
4 114 118 (1280 -160 608 ) (1280 -176 608 ) (1280 -176 736 ) (1280 -160 736 ) 
4 115 116 (1280 -160 160 ) (1344 -160 160 ) (1344 -160 544 ) (1280 -160 544 ) 
4 116 120 (1280 -208 452 ) (1280 -208 484 ) (1280 -176 484 ) (1280 -176 452 ) 
4 116 117 (1280 -224 544 ) (1280 -224 160 ) (1344 -224 160 ) (1344 -224 544 ) 
4 117 126 (1280 -256 416 ) (1280 -256 160 ) (1344 -256 160 ) (1344 -256 416 ) 
4 118 122 (1248 -160 608 ) (1248 -176 608 ) (1248 -176 736 ) (1248 -160 736 ) 
4 118 119 (1248 -176 736 ) (1248 -176 608 ) (1280 -176 608 ) (1280 -176 736 ) 
4 119 122 (1248 -208 608 ) (1248 -208 736 ) (1248 -176 736 ) (1248 -176 608 ) 
4 119 121 (1248 -208 736 ) (1248 -208 608 ) (1280 -208 608 ) (1280 -208 736 ) 
4 120 123 (1248 -208 452 ) (1248 -208 484 ) (1248 -176 484 ) (1248 -176 452 ) 
4 121 122 (1248 -224 608 ) (1248 -224 736 ) (1248 -208 736 ) (1248 -208 608 ) 
4 125 126 (1344 -256 416 ) (1344 -256 160 ) (1344 -448 160 ) (1344 -448 416 ) 
4 126 127 (1152 -288 160 ) (1152 -416 160 ) (1152 -416 288 ) (1152 -288 288 ) 
4 127 128 (1120 -416 160 ) (1120 -416 288 ) (1120 -288 288 ) (1120 -288 160 ) 
4 128 217 (1024 -416 160 ) (1024 -416 416 ) (1024 -288 416 ) (1024 -288 160 ) 
4 129 221 (1024 -448 160 ) (1024 -448 192 ) (1024 -440 192 ) (1024 -440 160 ) 
4 129 169 (1024 -448 192 ) (1024 -448 160 ) (1056 -448 160 ) (1056 -448 192 ) 
4 130 141 (2048 -576 544 ) (2048 -672 544 ) (2016 -672 544 ) (2016 -576 544 ) 
4 130 139 (2048 -480 544 ) (2048 -576 544 ) (2016 -576 544 ) (2016 -480 544 ) 
4 130 133 (2016 -624 544 ) (2016 -672 544 ) (2016 -672 576 ) (2016 -624 576 ) 
4 130 132 (2016 -528 544 ) (2016 -624 544 ) (2016 -624 576 ) (2016 -528 576 ) 
4 130 131 (2016 -480 544 ) (2016 -528 544 ) (2016 -528 576 ) (2016 -480 576 ) 
4 131 139 (2016 -480 544 ) (2016 -528 544 ) (1920 -528 544 ) (1920 -480 544 ) 
4 131 135 (1920 -480 544 ) (1920 -528 544 ) (1920 -528 576 ) (1920 -480 576 ) 
4 131 132 (1920 -528 576 ) (1920 -528 544 ) (2016 -528 544 ) (2016 -528 576 ) 
4 132 141 (2016 -576 544 ) (2016 -624 544 ) (1920 -624 544 ) (1920 -576 544 ) 
4 132 139 (2016 -528 544 ) (2016 -576 544 ) (1920 -576 544 ) (1920 -528 544 ) 
4 132 137 (1920 -596 544 ) (1920 -624 544 ) (1920 -624 576 ) (1920 -596 576 ) 
4 132 135 (1920 -528 544 ) (1920 -596 544 ) (1920 -596 576 ) (1920 -528 576 ) 
4 132 133 (1920 -624 576 ) (1920 -624 544 ) (2016 -624 544 ) (2016 -624 576 ) 
4 133 141 (2016 -624 544 ) (2016 -672 544 ) (1920 -672 544 ) (1920 -624 544 ) 
4 133 137 (1920 -624 544 ) (1920 -672 544 ) (1920 -672 576 ) (1920 -624 576 ) 
4 134 198 (1024 -500 608 ) (1024 -500 576 ) (1024 -596 576 ) (1024 -596 608 ) 
4 134 197 (1024 -596 984 ) (1024 -500 984 ) (1024 -500 608 ) (1024 -596 608 ) 
4 134 136 (1040 -596 576 ) (1024 -596 576 ) (1024 -500 576 ) (1040 -500 576 ) 
4 135 141 (1920 -576 544 ) (1920 -596 544 ) (1872 -596 544 ) (1872 -576 544 ) 
4 135 139 (1872 -480 544 ) (1920 -480 544 ) (1920 -576 544 ) (1872 -576 544 ) 
4 135 137 (1872 -596 544 ) (1920 -596 544 ) (1920 -596 576 ) (1872 -596 576 ) 
4 136 202 (1024 -592 544 ) (1024 -596 544 ) (1024 -596 576 ) (1024 -592 576 ) 
4 136 201 (1024 -500 544 ) (1024 -592 544 ) (1024 -592 576 ) (1024 -500 576 ) 
4 136 143 (1024 -596 544 ) (1024 -576 544 ) (1040 -576 544 ) (1040 -596 544 ) 
4 136 140 (1024 -576 544 ) (1024 -500 544 ) (1040 -500 544 ) (1040 -576 544 ) 
4 137 141 (1872 -596 544 ) (1920 -596 544 ) (1920 -672 544 ) (1872 -672 544 ) 
4 138 207 (1024 -480 544 ) (1024 -448 544 ) (1024 -448 480 ) (1024 -480 480 ) 
4 138 149 (1024 -480 480 ) (1024 -448 480 ) (1088 -448 480 ) (1088 -480 480 ) 
4 138 140 (1024 -480 480 ) (1088 -480 480 ) (1088 -480 544 ) (1024 -480 544 ) 
4 139 145 (2048 -512 480 ) (2048 -576 480 ) (1872 -576 480 ) (1872 -512 480 ) 
4 139 144 (1872 -480 480 ) (2048 -480 480 ) (2048 -512 480 ) (1872 -512 480 ) 
4 139 141 (1872 -576 480 ) (2048 -576 480 ) (2048 -576 544 ) (1872 -576 544 ) 
4 140 207 (1024 -576 544 ) (1024 -480 544 ) (1024 -480 480 ) (1024 -576 480 ) 
4 140 149 (1024 -576 480 ) (1024 -480 480 ) (1088 -480 480 ) (1088 -576 480 ) 
4 140 143 (1024 -576 480 ) (1088 -576 480 ) (1088 -576 544 ) (1024 -576 544 ) 
4 141 145 (1872 -576 480 ) (2048 -576 480 ) (2048 -672 480 ) (1872 -672 480 ) 
4 142 261 (1648 -1024 484 ) (1648 -1024 480 ) (1680 -1024 480 ) (1680 -1024 484 ) 
4 142 146 (1680 -1024 480 ) (1648 -1024 480 ) (1648 -688 480 ) (1680 -688 480 ) 
4 143 207 (1024 -640 544 ) (1024 -576 544 ) (1024 -576 480 ) (1024 -640 480 ) 
4 143 150 (1024 -640 480 ) (1024 -576 480 ) (1088 -576 480 ) (1088 -640 480 ) 
4 144 145 (1872 -512 416 ) (2048 -512 416 ) (2048 -512 480 ) (1872 -512 480 ) 
4 145 153 (1904 -640 416 ) (1904 -512 416 ) (2032 -512 416 ) (2032 -640 416 ) 
4 146 263 (1728 -1024 480 ) (1600 -1024 480 ) (1600 -1024 424 ) (1728 -1024 424 ) 
4 146 147 (1600 -1024 424 ) (1600 -576 424 ) (1728 -576 424 ) (1728 -1024 424 ) 
4 147 264 (1600 -1024 424 ) (1600 -1024 418 ) (1728 -1024 418 ) (1728 -1024 424 ) 
4 147 148 (1600 -1024 418 ) (1600 -576 418 ) (1728 -576 418 ) (1728 -1024 418 ) 
4 148 265 (1600 -1024 418 ) (1600 -1024 416 ) (1728 -1024 416 ) (1728 -1024 418 ) 
4 148 158 (1728 -1024 416 ) (1600 -1024 416 ) (1600 -576 416 ) (1728 -576 416 ) 
4 149 207 (1024 -576 480 ) (1024 -448 480 ) (1024 -448 416 ) (1024 -576 416 ) 
4 149 167 (1024 -576 416 ) (1024 -448 416 ) (1088 -448 416 ) (1088 -576 416 ) 
4 149 150 (1024 -576 416 ) (1088 -576 416 ) (1088 -576 480 ) (1024 -576 480 ) 
4 150 207 (1024 -640 480 ) (1024 -576 480 ) (1024 -576 416 ) (1024 -640 416 ) 
4 150 167 (1024 -640 416 ) (1024 -576 416 ) (1088 -576 416 ) (1088 -640 416 ) 
4 151 152 (1920 -480 320 ) (2048 -480 320 ) (2048 -480 352 ) (1920 -480 352 ) 
4 152 170 (1824 -480 288 ) (2048 -480 288 ) (2048 -512 288 ) (1824 -512 288 ) 
4 152 157 (1824 -512 288 ) (2048 -512 288 ) (2048 -512 320 ) (1824 -512 320 ) 
4 152 156 (1920 -512 352 ) (1824 -512 352 ) (1824 -512 320 ) (1920 -512 320 ) 
4 152 155 (2048 -512 320 ) (2048 -512 352 ) (1920 -512 352 ) (1920 -512 320 ) 
4 152 154 (2048 -512 352 ) (2048 -512 384 ) (1824 -512 384 ) (1824 -512 352 ) 
4 153 154 (1904 -512 384 ) (2032 -512 384 ) (2032 -640 384 ) (1904 -640 384 ) 
4 154 156 (1824 -672 352 ) (1824 -512 352 ) (1920 -512 352 ) (1920 -672 352 ) 
4 154 155 (1920 -512 352 ) (2048 -512 352 ) (2048 -672 352 ) (1920 -672 352 ) 
4 155 157 (1920 -512 320 ) (2048 -512 320 ) (2048 -672 320 ) (1920 -672 320 ) 
4 155 156 (1920 -512 320 ) (1920 -672 320 ) (1920 -672 352 ) (1920 -512 352 ) 
4 156 157 (1824 -672 320 ) (1824 -512 320 ) (1920 -512 320 ) (1920 -672 320 ) 
4 157 174 (1824 -672 288 ) (1824 -640 288 ) (2048 -640 288 ) (2048 -672 288 ) 
4 157 172 (1824 -640 288 ) (1824 -512 288 ) (2048 -512 288 ) (2048 -640 288 ) 
4 158 267 (1600 -1024 416 ) (1536 -1024 416 ) (1536 -1024 288 ) (1600 -1024 288 ) 
4 158 265 (1728 -1024 416 ) (1600 -1024 416 ) (1600 -1024 288 ) (1728 -1024 288 ) 
4 158 262 (1792 -1024 416 ) (1728 -1024 416 ) (1728 -1024 288 ) (1792 -1024 288 ) 
4 158 187 (1792 -1024 288 ) (1536 -1024 288 ) (1536 -896 288 ) (1792 -896 288 ) 
4 158 185 (1536 -896 288 ) (1536 -832 288 ) (1792 -832 288 ) (1792 -896 288 ) 
4 158 180 (1536 -832 288 ) (1536 -768 288 ) (1792 -768 288 ) (1792 -832 288 ) 
4 158 177 (1536 -768 288 ) (1536 -704 288 ) (1792 -704 288 ) (1792 -768 288 ) 
4 158 176 (1536 -704 288 ) (1536 -672 288 ) (1792 -672 288 ) (1792 -704 288 ) 
4 158 174 (1536 -672 288 ) (1536 -640 288 ) (1792 -640 288 ) (1792 -672 288 ) 
4 158 172 (1536 -640 288 ) (1536 -512 288 ) (1792 -512 288 ) (1792 -640 288 ) 
4 158 161 (1536 -1024 320 ) (1536 -1024 352 ) (1536 -928 352 ) (1536 -928 320 ) 
4 159 162 (1280 -736 416 ) (1280 -704 416 ) (1280 -704 352 ) (1280 -736 352 ) 
4 159 160 (1280 -736 352 ) (1280 -704 352 ) (1288 -704 352 ) (1288 -736 352 ) 
4 160 162 (1280 -704 288 ) (1280 -736 288 ) (1280 -736 352 ) (1280 -704 352 ) 
4 161 268 (1528 -1024 320 ) (1536 -1024 320 ) (1536 -1024 352 ) (1528 -1024 352 ) 
4 162 270 (1280 -1024 416 ) (1152 -1024 416 ) (1152 -1024 288 ) (1280 -1024 288 ) 
4 162 189 (1216 -1024 288 ) (1152 -1024 288 ) (1152 -896 288 ) (1216 -896 288 ) 
4 162 188 (1280 -1024 288 ) (1216 -1024 288 ) (1216 -896 288 ) (1280 -896 288 ) 
4 162 186 (1152 -896 288 ) (1152 -832 288 ) (1280 -832 288 ) (1280 -896 288 ) 
4 162 181 (1152 -800 288 ) (1152 -768 288 ) (1280 -768 288 ) (1280 -800 288 ) 
4 162 178 (1152 -768 288 ) (1152 -640 288 ) (1280 -640 288 ) (1280 -768 288 ) 
4 162 166 (1152 -832 288 ) (1152 -1024 288 ) (1152 -1024 416 ) (1152 -832 416 ) 
4 162 165 (1152 -808 288 ) (1152 -824 288 ) (1152 -824 416 ) (1152 -808 416 ) 
4 162 164 (1152 -640 288 ) (1152 -800 288 ) (1152 -800 416 ) (1152 -640 416 ) 
4 163 167 (1088 -576 320 ) (1088 -576 352 ) (1088 -448 352 ) (1088 -448 320 ) 
4 164 181 (1088 -800 288 ) (1088 -768 288 ) (1152 -768 288 ) (1152 -800 288 ) 
4 164 179 (1088 -768 288 ) (1088 -640 288 ) (1152 -640 288 ) (1152 -768 288 ) 
4 164 167 (1088 -640 288 ) (1088 -768 288 ) (1088 -768 416 ) (1088 -640 416 ) 
4 166 270 (1152 -1024 416 ) (1088 -1024 416 ) (1088 -1024 288 ) (1152 -1024 288 ) 
4 166 189 (1152 -1024 288 ) (1088 -1024 288 ) (1088 -896 288 ) (1152 -896 288 ) 
4 166 186 (1088 -896 288 ) (1088 -832 288 ) (1152 -832 288 ) (1152 -896 288 ) 
4 167 235 (1024 -512 352 ) (1024 -512 288 ) (1024 -768 288 ) (1024 -768 352 ) 
4 167 234 (1024 -512 384 ) (1024 -512 352 ) (1024 -768 352 ) (1024 -768 384 ) 
4 167 233 (1024 -768 416 ) (1024 -512 416 ) (1024 -512 384 ) (1024 -768 384 ) 
4 167 230 (1024 -480 320 ) (1024 -480 288 ) (1024 -512 288 ) (1024 -512 320 ) 
4 167 227 (1024 -480 352 ) (1024 -480 320 ) (1024 -512 320 ) (1024 -512 352 ) 
4 167 226 (1024 -512 416 ) (1024 -480 416 ) (1024 -480 352 ) (1024 -512 352 ) 
4 167 224 (1024 -448 320 ) (1024 -448 288 ) (1024 -480 288 ) (1024 -480 320 ) 
4 167 223 (1024 -480 416 ) (1024 -448 416 ) (1024 -448 320 ) (1024 -480 320 ) 
4 167 179 (1024 -768 288 ) (1024 -640 288 ) (1088 -640 288 ) (1088 -768 288 ) 
4 167 173 (1024 -640 288 ) (1024 -512 288 ) (1088 -512 288 ) (1088 -640 288 ) 
4 167 171 (1024 -512 288 ) (1024 -480 288 ) (1088 -480 288 ) (1088 -512 288 ) 
4 167 169 (1024 -480 288 ) (1024 -448 288 ) (1088 -448 288 ) (1088 -480 288 ) 
4 168 170 (1920 -480 160 ) (2048 -480 160 ) (2048 -480 192 ) (1920 -480 192 ) 
4 169 225 (1024 -480 288 ) (1024 -448 288 ) (1024 -448 160 ) (1024 -480 160 ) 
4 169 171 (1024 -480 160 ) (1088 -480 160 ) (1088 -480 288 ) (1024 -480 288 ) 
4 170 190 (1824 -480 160 ) (2016 -480 160 ) (2016 -512 160 ) (1824 -512 160 ) 
4 170 172 (1792 -512 160 ) (2048 -512 160 ) (2048 -512 288 ) (1792 -512 288 ) 
4 171 231 (1024 -512 288 ) (1024 -480 288 ) (1024 -480 160 ) (1024 -512 160 ) 
4 171 173 (1024 -512 160 ) (1088 -512 160 ) (1088 -512 288 ) (1024 -512 288 ) 
4 172 192 (1536 -512 160 ) (1792 -512 160 ) (1792 -640 160 ) (1536 -640 160 ) 
4 172 191 (1824 -512 160 ) (2016 -512 160 ) (2016 -640 160 ) (1824 -640 160 ) 
4 172 174 (1536 -640 160 ) (2048 -640 160 ) (2048 -640 288 ) (1536 -640 288 ) 
4 173 238 (1024 -640 288 ) (1024 -512 288 ) (1024 -512 160 ) (1024 -640 160 ) 
4 173 179 (1024 -640 160 ) (1088 -640 160 ) (1088 -640 288 ) (1024 -640 288 ) 
4 174 192 (1536 -640 160 ) (1792 -640 160 ) (1792 -672 160 ) (1536 -672 160 ) 
4 174 191 (1824 -640 160 ) (2016 -640 160 ) (2016 -672 160 ) (1824 -672 160 ) 
4 174 176 (1536 -672 160 ) (1792 -672 160 ) (1792 -672 288 ) (1536 -672 288 ) 
4 174 175 (1920 -672 160 ) (2048 -672 160 ) (2048 -672 192 ) (1920 -672 192 ) 
4 176 194 (1536 -672 160 ) (1792 -672 160 ) (1792 -704 160 ) (1536 -704 160 ) 
4 176 177 (1536 -704 160 ) (1792 -704 160 ) (1792 -704 288 ) (1536 -704 288 ) 
4 177 194 (1792 -768 160 ) (1536 -768 160 ) (1536 -704 160 ) (1792 -704 160 ) 
4 177 180 (1536 -768 160 ) (1792 -768 160 ) (1792 -768 288 ) (1536 -768 288 ) 
4 178 181 (1280 -768 168 ) (1280 -768 288 ) (1152 -768 288 ) (1152 -768 168 ) 
4 178 179 (1152 -640 288 ) (1152 -640 168 ) (1152 -768 168 ) (1152 -768 288 ) 
4 179 240 (1024 -768 288 ) (1024 -640 288 ) (1024 -640 160 ) (1024 -768 160 ) 
4 179 181 (1088 -768 160 ) (1152 -768 160 ) (1152 -768 288 ) (1088 -768 288 ) 
4 180 194 (1536 -768 160 ) (1792 -768 160 ) (1792 -832 160 ) (1536 -832 160 ) 
4 180 185 (1536 -832 160 ) (1792 -832 160 ) (1792 -832 288 ) (1536 -832 288 ) 
4 181 183 (1248 -800 256 ) (1152 -800 256 ) (1152 -800 224 ) (1248 -800 224 ) 
4 181 182 (1280 -800 224 ) (1280 -800 256 ) (1248 -800 256 ) (1248 -800 224 ) 
4 182 186 (1280 -832 224 ) (1280 -832 256 ) (1248 -832 256 ) (1248 -832 224 ) 
4 182 183 (1248 -800 224 ) (1248 -808 224 ) (1248 -808 256 ) (1248 -800 256 ) 
4 182 184 (1248 -824 224 ) (1248 -832 224 ) (1248 -832 256 ) (1248 -824 256 ) 
4 184 186 (1248 -832 256 ) (1152 -832 256 ) (1152 -832 224 ) (1248 -832 224 ) 
4 185 194 (1536 -832 160 ) (1792 -832 160 ) (1792 -896 160 ) (1536 -896 160 ) 
4 185 187 (1536 -896 160 ) (1792 -896 160 ) (1792 -896 288 ) (1536 -896 288 ) 
4 186 189 (1216 -896 168 ) (1216 -896 288 ) (1088 -896 288 ) (1088 -896 168 ) 
4 186 188 (1216 -896 160 ) (1280 -896 160 ) (1280 -896 288 ) (1216 -896 288 ) 
4 187 292 (1792 -1024 288 ) (1536 -1024 288 ) (1536 -1024 160 ) (1792 -1024 160 ) 
4 187 194 (1536 -896 160 ) (1792 -896 160 ) (1792 -1024 160 ) (1536 -1024 160 ) 
4 188 302 (1248 -1024 288 ) (1216 -1024 288 ) (1216 -1024 160 ) (1248 -1024 160 ) 
4 188 293 (1280 -1024 288 ) (1248 -1024 288 ) (1248 -1024 160 ) (1280 -1024 160 ) 
4 188 189 (1216 -896 288 ) (1216 -896 168 ) (1216 -1024 168 ) (1216 -1024 288 ) 
4 189 305 (1120 -1024 288 ) (1088 -1024 288 ) (1088 -1024 168 ) (1120 -1024 168 ) 
4 189 302 (1216 -1024 288 ) (1120 -1024 288 ) (1120 -1024 168 ) (1216 -1024 168 ) 
4 190 191 (2016 -512 144 ) (2016 -512 160 ) (1824 -512 160 ) (1824 -512 144 ) 
4 192 193 (1760 -672 136 ) (1536 -672 136 ) (1536 -512 136 ) (1760 -512 136 ) 
4 192 194 (1536 -672 160 ) (1536 -672 136 ) (1760 -672 136 ) (1792 -672 160 ) 
4 193 195 (1536 -672 128 ) (1536 -512 128 ) (1792 -512 128 ) (1792 -672 128 ) 
4 193 194 (1536 -672 136 ) (1536 -672 128 ) (1792 -672 128 ) (1792 -672 136 ) 
4 194 317 (1792 -1024 160 ) (1536 -1024 160 ) (1536 -1024 128 ) (1792 -1024 128 ) 
4 194 195 (1792 -1024 128 ) (1536 -1024 128 ) (1536 -672 128 ) (1792 -672 128 ) 
4 195 325 (1792 -1024 128 ) (1536 -1024 128 ) (1536 -1024 32 ) (1792 -1024 32 ) 
4 195 196 (1536 -1024 32 ) (1536 -512 32 ) (1792 -512 32 ) (1792 -1024 32 ) 
4 196 326 (1536 -1024 32 ) (1536 -1024 0 ) (1792 -1024 0 ) (1792 -1024 32 ) 
4 197 198 (1024 -500 608 ) (1024 -596 608 ) (944 -596 608 ) (944 -500 608 ) 
4 198 202 (1024 -592 576 ) (1024 -596 576 ) (944 -596 576 ) (944 -592 576 ) 
4 198 201 (944 -500 576 ) (1024 -500 576 ) (1024 -592 576 ) (944 -592 576 ) 
4 199 200 (384 -768 592 ) (384 -640 592 ) (512 -640 592 ) (512 -768 592 ) 
4 200 204 (320 -832 576 ) (320 -576 576 ) (576 -576 576 ) (576 -832 576 ) 
4 201 207 (1024 -500 544 ) (1024 -592 544 ) (944 -592 544 ) (944 -500 544 ) 
4 201 202 (944 -592 544 ) (1024 -592 544 ) (1024 -592 576 ) (944 -592 576 ) 
4 202 207 (1024 -592 544 ) (1024 -596 544 ) (944 -596 544 ) (944 -592 544 ) 
4 203 209 (816 -720 544 ) (576 -720 544 ) (576 -640 544 ) (816 -640 544 ) 
4 203 208 (576 -640 544 ) (576 -592 544 ) (816 -592 544 ) (816 -640 544 ) 
4 203 204 (576 -592 544 ) (576 -720 544 ) (576 -720 576 ) (576 -592 576 ) 
4 204 210 (576 -576 544 ) (576 -832 544 ) (320 -832 544 ) (320 -576 544 ) 
4 204 206 (320 -600 544 ) (320 -728 544 ) (320 -728 576 ) (320 -600 576 ) 
4 204 205 (440 -832 544 ) (568 -832 544 ) (568 -832 576 ) (440 -832 576 ) 
4 205 211 (440 -848 544 ) (440 -832 544 ) (568 -832 544 ) (568 -848 544 ) 
4 206 395 (0 -728 576 ) (0 -600 576 ) (0 -600 544 ) (0 -728 544 ) 
4 206 213 (0 -728 544 ) (0 -600 544 ) (304 -600 544 ) (304 -728 544 ) 
4 206 212 (304 -600 544 ) (320 -600 544 ) (320 -728 544 ) (304 -728 544 ) 
4 207 233 (1024 -512 416 ) (1024 -640 416 ) (896 -640 416 ) (896 -512 416 ) 
4 207 226 (1024 -480 416 ) (1024 -512 416 ) (896 -512 416 ) (896 -480 416 ) 
4 207 223 (896 -448 416 ) (1024 -448 416 ) (1024 -480 416 ) (896 -480 416 ) 
4 208 210 (576 -592 448 ) (576 -640 448 ) (576 -640 544 ) (576 -592 544 ) 
4 208 209 (576 -640 544 ) (576 -640 448 ) (816 -640 448 ) (816 -640 544 ) 
4 209 210 (576 -720 544 ) (576 -640 544 ) (576 -640 448 ) (576 -720 448 ) 
4 210 214 (576 -576 448 ) (576 -832 448 ) (320 -832 448 ) (320 -576 448 ) 
4 210 212 (320 -600 448 ) (320 -728 448 ) (320 -728 544 ) (320 -600 544 ) 
4 210 211 (440 -832 448 ) (568 -832 448 ) (568 -832 544 ) (440 -832 544 ) 
4 212 213 (304 -600 544 ) (304 -600 450 ) (304 -728 450 ) (304 -728 544 ) 
4 213 395 (0 -728 544 ) (0 -600 544 ) (0 -600 450 ) (0 -728 450 ) 
4 214 247 (320 -832 416 ) (320 -576 416 ) (576 -576 416 ) (576 -832 416 ) 
4 215 218 (416 -288 416 ) (256 -288 416 ) (256 -288 160 ) (416 -288 160 ) 
4 215 217 (928 -288 160 ) (928 -288 416 ) (768 -288 416 ) (768 -288 160 ) 
4 216 396 (0 0 321 ) (0 0 193 ) (0 -192 193 ) (0 -192 321 ) 
4 218 222 (416 -416 160 ) (416 -416 192 ) (256 -416 192 ) (256 -416 160 ) 
4 218 220 (416 -416 192 ) (416 -416 416 ) (256 -416 416 ) (256 -416 192 ) 
4 218 219 (256 -320 160 ) (256 -416 160 ) (256 -416 416 ) (256 -320 416 ) 
4 219 397 (0 -416 416 ) (0 -320 416 ) (0 -320 160 ) (0 -416 160 ) 
4 219 222 (256 -416 160 ) (256 -416 192 ) (0 -416 192 ) (0 -416 160 ) 
4 219 220 (256 -416 192 ) (256 -416 416 ) (0 -416 416 ) (0 -416 192 ) 
4 220 397 (0 -448 416 ) (0 -416 416 ) (0 -416 192 ) (0 -448 192 ) 
4 220 222 (416 -448 192 ) (0 -448 192 ) (0 -416 192 ) (416 -416 192 ) 
4 221 225 (1024 -448 160 ) (1024 -448 192 ) (928 -448 192 ) (928 -448 160 ) 
4 222 397 (0 -416 192 ) (0 -416 160 ) (0 -448 160 ) (0 -448 192 ) 
4 223 227 (1024 -480 320 ) (1024 -480 352 ) (896 -480 352 ) (896 -480 320 ) 
4 223 226 (1024 -480 352 ) (1024 -480 416 ) (896 -480 416 ) (896 -480 352 ) 
4 223 224 (1024 -480 320 ) (896 -480 320 ) (896 -448 320 ) (1024 -448 320 ) 
4 224 230 (1024 -480 288 ) (1024 -480 320 ) (896 -480 320 ) (896 -480 288 ) 
4 224 225 (1024 -480 288 ) (896 -480 288 ) (896 -448 288 ) (1024 -448 288 ) 
4 225 231 (1024 -480 160 ) (1024 -480 288 ) (896 -480 288 ) (896 -480 160 ) 
4 226 234 (1024 -512 352 ) (1024 -512 384 ) (896 -512 384 ) (896 -512 352 ) 
4 226 233 (1024 -512 384 ) (1024 -512 416 ) (896 -512 416 ) (896 -512 384 ) 
4 226 227 (1024 -512 352 ) (896 -512 352 ) (896 -480 352 ) (1024 -480 352 ) 
4 227 235 (1024 -512 320 ) (1024 -512 352 ) (896 -512 352 ) (896 -512 320 ) 
4 227 230 (1024 -512 320 ) (896 -512 320 ) (896 -480 320 ) (1024 -480 320 ) 
4 228 247 (768 -512 352 ) (512 -512 352 ) (512 -512 320 ) (768 -512 320 ) 
4 229 247 (288 -512 352 ) (160 -512 352 ) (160 -512 320 ) (288 -512 320 ) 
4 230 236 (896 -512 320 ) (888 -512 320 ) (888 -512 288 ) (896 -512 288 ) 
4 230 235 (1024 -512 288 ) (1024 -512 320 ) (896 -512 320 ) (896 -512 288 ) 
4 230 231 (1024 -512 288 ) (896 -512 288 ) (896 -480 288 ) (1024 -480 288 ) 
4 231 238 (1024 -512 160 ) (1024 -512 288 ) (896 -512 288 ) (896 -512 160 ) 
4 232 247 (288 -512 288 ) (96 -512 288 ) (96 -512 160 ) (288 -512 160 ) 
4 233 237 (896 -640 384 ) (896 -768 384 ) (896 -768 416 ) (896 -640 416 ) 
4 233 234 (896 -768 384 ) (896 -512 384 ) (1024 -512 384 ) (1024 -768 384 ) 
4 234 237 (896 -640 352 ) (896 -768 352 ) (896 -768 384 ) (896 -640 384 ) 
4 234 235 (896 -768 352 ) (896 -512 352 ) (1024 -512 352 ) (1024 -768 352 ) 
4 235 238 (896 -640 288 ) (896 -512 288 ) (1024 -512 288 ) (1024 -640 288 ) 
4 235 240 (896 -768 288 ) (896 -640 288 ) (1024 -640 288 ) (1024 -768 288 ) 
4 235 237 (896 -640 288 ) (896 -768 288 ) (896 -768 352 ) (896 -640 352 ) 
4 235 236 (896 -512 320 ) (896 -512 288 ) (896 -608 288 ) (896 -608 320 ) 
4 237 240 (832 -768 288 ) (832 -640 288 ) (896 -640 288 ) (896 -768 288 ) 
4 238 240 (896 -640 160 ) (1024 -640 160 ) (1024 -640 288 ) (896 -640 288 ) 
4 239 240 (840 -640 160 ) (856 -640 160 ) (856 -640 288 ) (840 -640 288 ) 
4 240 244 (832 -640 160 ) (832 -768 160 ) (832 -768 288 ) (832 -640 288 ) 
4 240 241 (840 -768 160 ) (856 -768 160 ) (856 -768 288 ) (840 -768 288 ) 
4 242 244 (792 -640 160 ) (800 -640 160 ) (800 -640 288 ) (792 -640 288 ) 
4 242 243 (792 -608 160 ) (792 -640 160 ) (792 -640 288 ) (792 -608 288 ) 
4 243 247 (768 -640 160 ) (768 -640 288 ) (768 -608 288 ) (768 -608 160 ) 
4 243 244 (768 -640 288 ) (768 -640 160 ) (792 -640 160 ) (792 -640 288 ) 
4 244 247 (768 -768 160 ) (768 -768 288 ) (768 -640 288 ) (768 -640 160 ) 
4 244 246 (768 -768 288 ) (768 -768 160 ) (800 -768 160 ) (800 -768 288 ) 
4 245 246 (792 -768 288 ) (800 -768 288 ) (800 -800 288 ) (792 -800 288 ) 
4 246 247 (768 -800 160 ) (768 -800 288 ) (768 -768 288 ) (768 -768 160 ) 
4 247 251 (160 -928 384 ) (160 -928 224 ) (256 -928 224 ) (256 -928 384 ) 
4 247 250 (768 -928 320 ) (768 -928 352 ) (512 -928 352 ) (512 -928 320 ) 
4 247 249 (96 -592 320 ) (96 -848 320 ) (96 -848 352 ) (96 -592 352 ) 
4 247 248 (256 -512 160 ) (512 -512 160 ) (512 -928 160 ) (256 -928 160 ) 
4 248 252 (256 -512 128 ) (512 -512 128 ) (512 -928 128 ) (256 -928 128 ) 
4 253 256 (2784 -2048 672 ) (2560 -2048 672 ) (2560 -2048 160 ) (2784 -2048 160 ) 
4 253 254 (2560 -1280 160 ) (2560 -1024 160 ) (2784 -1024 160 ) (2784 -1280 160 ) 
4 253 255 (2784 -2048 160 ) (2560 -2048 160 ) (2560 -1536 160 ) (2784 -1536 160 ) 
4 255 259 (2784 -2048 32 ) (2784 -2048 160 ) (2560 -2048 160 ) (2560 -2048 32 ) 
4 256 259 (2560 -2048 160 ) (2784 -2048 160 ) (2784 -2080 160 ) (2560 -2080 160 ) 
4 256 257 (2560 -2080 160 ) (2784 -2080 160 ) (2784 -2080 672 ) (2560 -2080 672 ) 
4 257 258 (2272 -2304 160 ) (2784 -2304 160 ) (2784 -2304 672 ) (2272 -2304 672 ) 
4 258 381 (2048 -2560 672 ) (2048 -2304 672 ) (2048 -2304 160 ) (2048 -2560 160 ) 
4 258 260 (2048 -2560 160 ) (2048 -2304 160 ) (2272 -2304 160 ) (2272 -2560 160 ) 
4 260 382 (2048 -2560 32 ) (2048 -2560 160 ) (2048 -2304 160 ) (2048 -2304 32 ) 
4 261 263 (1648 -1200 480 ) (1648 -1024 480 ) (1680 -1024 480 ) (1680 -1200 480 ) 
4 262 301 (1792 -1272 288 ) (1792 -1280 288 ) (1728 -1280 288 ) (1728 -1272 288 ) 
4 262 299 (1792 -1256 288 ) (1792 -1272 288 ) (1728 -1272 288 ) (1728 -1256 288 ) 
4 262 298 (1792 -1248 288 ) (1792 -1256 288 ) (1728 -1256 288 ) (1728 -1248 288 ) 
4 262 292 (1728 -1024 288 ) (1792 -1024 288 ) (1792 -1248 288 ) (1728 -1248 288 ) 
4 262 285 (1728 -1280 288 ) (1792 -1280 288 ) (1792 -1280 416 ) (1728 -1280 416 ) 
4 262 266 (1728 -1216 288 ) (1728 -1280 288 ) (1728 -1280 416 ) (1728 -1216 416 ) 
4 262 265 (1728 -1024 288 ) (1728 -1216 288 ) (1728 -1216 416 ) (1728 -1024 416 ) 
4 263 264 (1728 -1216 424 ) (1600 -1216 424 ) (1600 -1024 424 ) (1728 -1024 424 ) 
4 264 265 (1728 -1216 418 ) (1600 -1216 418 ) (1600 -1024 418 ) (1728 -1024 418 ) 
4 265 292 (1600 -1024 288 ) (1728 -1024 288 ) (1728 -1216 288 ) (1600 -1216 288 ) 
4 265 267 (1600 -1024 288 ) (1600 -1216 288 ) (1600 -1216 416 ) (1600 -1024 416 ) 
4 265 266 (1600 -1216 416 ) (1600 -1216 288 ) (1728 -1216 288 ) (1728 -1216 416 ) 
4 266 301 (1728 -1272 288 ) (1728 -1280 288 ) (1600 -1280 288 ) (1600 -1272 288 ) 
4 266 299 (1728 -1256 288 ) (1728 -1272 288 ) (1600 -1272 288 ) (1600 -1256 288 ) 
4 266 298 (1728 -1248 288 ) (1728 -1256 288 ) (1600 -1256 288 ) (1600 -1248 288 ) 
4 266 292 (1728 -1216 288 ) (1728 -1248 288 ) (1600 -1248 288 ) (1600 -1216 288 ) 
4 266 285 (1600 -1280 288 ) (1728 -1280 288 ) (1728 -1280 416 ) (1600 -1280 416 ) 
4 266 267 (1600 -1216 288 ) (1600 -1280 288 ) (1600 -1280 416 ) (1600 -1216 416 ) 
4 267 301 (1600 -1272 288 ) (1600 -1280 288 ) (1536 -1280 288 ) (1536 -1272 288 ) 
4 267 299 (1600 -1256 288 ) (1600 -1272 288 ) (1536 -1272 288 ) (1536 -1256 288 ) 
4 267 298 (1600 -1248 288 ) (1600 -1256 288 ) (1536 -1256 288 ) (1536 -1248 288 ) 
4 267 292 (1536 -1024 288 ) (1600 -1024 288 ) (1600 -1248 288 ) (1536 -1248 288 ) 
4 267 285 (1548 -1280 288 ) (1600 -1280 288 ) (1600 -1280 416 ) (1548 -1280 416 ) 
4 267 268 (1536 -1056 320 ) (1536 -1056 352 ) (1536 -1024 352 ) (1536 -1024 320 ) 
4 269 288 (1376 -1280 288 ) (1408 -1280 288 ) (1408 -1280 416 ) (1376 -1280 416 ) 
4 270 305 (1088 -1024 288 ) (1120 -1024 288 ) (1120 -1088 288 ) (1088 -1088 288 ) 
4 270 302 (1120 -1024 288 ) (1248 -1024 288 ) (1248 -1088 288 ) (1120 -1088 288 ) 
4 270 293 (1248 -1024 288 ) (1280 -1024 288 ) (1280 -1088 288 ) (1248 -1088 288 ) 
4 270 272 (1152 -1088 320 ) (1248 -1088 320 ) (1248 -1088 352 ) (1152 -1088 352 ) 
4 270 275 (1120 -1088 320 ) (1152 -1088 320 ) (1152 -1088 352 ) (1120 -1088 352 ) 
4 270 271 (1280 -1088 350.250000 ) (1280 -1088 352 ) (1248 -1088 352 ) (1248 -1088 350.250000 ) 
4 271 273 (1248 -1112 352 ) (1248 -1096 352 ) (1248 -1096 350.250000 ) (1248 -1112 350.250000 ) 
4 271 272 (1248 -1096 352 ) (1248 -1088 352 ) (1248 -1088 350.250000 ) (1248 -1096 350.250000 ) 
4 271 274 (1248 -1120 350.250000 ) (1248 -1120 352 ) (1248 -1112 352 ) (1248 -1112 350.250000 ) 
4 271 276 (1280 -1120 350.250000 ) (1280 -1120 352 ) (1248 -1120 352 ) (1248 -1120 350.250000 ) 
4 272 273 (1152 -1096 352 ) (1152 -1096 350.250000 ) (1248 -1096 350.250000 ) (1248 -1096 352 ) 
4 272 275 (1152 -1088 320 ) (1152 -1096 320 ) (1152 -1096 352 ) (1152 -1088 352 ) 
4 273 275 (1152 -1112 350.250000 ) (1152 -1112 352 ) (1152 -1096 352 ) (1152 -1096 350.250000 ) 
4 273 274 (1152 -1112 352 ) (1152 -1112 350.250000 ) (1248 -1112 350.250000 ) (1248 -1112 352 ) 
4 274 275 (1152 -1112 320 ) (1152 -1120 320 ) (1152 -1120 352 ) (1152 -1112 352 ) 
4 274 276 (1152 -1120 320 ) (1248 -1120 320 ) (1248 -1120 352 ) (1152 -1120 352 ) 
4 275 276 (1120 -1120 320 ) (1152 -1120 320 ) (1152 -1120 352 ) (1120 -1120 352 ) 
4 276 308 (1120 -1248 288 ) (1088 -1248 288 ) (1088 -1120 288 ) (1120 -1120 288 ) 
4 276 303 (1248 -1248 288 ) (1120 -1248 288 ) (1120 -1120 288 ) (1248 -1120 288 ) 
4 276 297 (1280 -1120 288 ) (1280 -1248 288 ) (1248 -1248 288 ) (1248 -1120 288 ) 
4 276 278 (1248 -1248 320 ) (1248 -1248 352 ) (1120 -1248 352 ) (1120 -1248 320 ) 
4 277 300 (1280 -1256 288 ) (1280 -1272 288 ) (1248 -1272 288 ) (1248 -1256 288 ) 
4 279 309 (1120 -1256 288 ) (1120 -1272 288 ) (1096 -1272 288 ) (1096 -1256 288 ) 
4 280 288 (1056 -1280 288 ) (1088 -1280 288 ) (1088 -1280 416 ) (1056 -1280 416 ) 
4 281 289 (1280 -1472 672 ) (1344 -1472 672 ) (1344 -1536 672 ) (1280 -1536 672 ) 
4 281 283 (1280 -1536 672 ) (1344 -1536 672 ) (1344 -1536 680 ) (1280 -1536 680 ) 
4 282 289 (1088 -1472 672 ) (1152 -1472 672 ) (1152 -1536 672 ) (1088 -1536 672 ) 
4 282 283 (1088 -1536 672 ) (1152 -1536 672 ) (1152 -1536 680 ) (1088 -1536 680 ) 
4 283 289 (1088 -1536 672 ) (1344 -1536 672 ) (1344 -1600 672 ) (1088 -1600 672 ) 
4 284 285 (1792 -1536 384 ) (1792 -1536 352 ) (1792 -1664 352 ) (1792 -1664 384 ) 
4 285 310 (1548 -1280 288 ) (1792 -1280 288 ) (1792 -1792 288 ) (1548 -1792 288 ) 
4 285 286 (1548 -1792 288 ) (1548 -1792 416 ) (1548 -1296 416 ) (1548 -1296 288 ) 
4 286 311 (1548 -1296 288 ) (1548 -1792 288 ) (1536 -1792 288 ) (1536 -1296 288 ) 
4 286 287 (1536 -1792 288 ) (1536 -1792 416 ) (1536 -1296 416 ) (1536 -1296 288 ) 
4 287 314 (1472 -1344 288 ) (1472 -1472 288 ) (1408 -1472 288 ) (1408 -1344 288 ) 
4 287 313 (1408 -1280 288 ) (1472 -1280 288 ) (1472 -1344 288 ) (1408 -1344 288 ) 
4 287 315 (1472 -1472 288 ) (1472 -1792 288 ) (1408 -1792 288 ) (1408 -1472 288 ) 
4 287 312 (1472 -1280 288 ) (1536 -1280 288 ) (1536 -1792 288 ) (1472 -1792 288 ) 
4 287 290 (1408 -1792 288 ) (1408 -1792 416 ) (1408 -1664 416 ) (1408 -1664 288 ) 
4 287 289 (1408 -1664 416 ) (1408 -1408 416 ) (1408 -1408 288 ) (1408 -1664 288 ) 
4 287 288 (1408 -1408 416 ) (1408 -1280 416 ) (1408 -1280 288 ) (1408 -1408 288 ) 
4 288 331 (1024 -1280 288 ) (1024 -1408 288 ) (1024 -1408 416 ) (1024 -1280 416 ) 
4 288 314 (1408 -1344 288 ) (1408 -1408 288 ) (1344 -1408 288 ) (1344 -1344 288 ) 
4 288 313 (1344 -1280 288 ) (1408 -1280 288 ) (1408 -1344 288 ) (1344 -1344 288 ) 
4 288 316 (1024 -1408 288 ) (1024 -1280 288 ) (1344 -1280 288 ) (1344 -1408 288 ) 
4 288 289 (1024 -1408 288 ) (1408 -1408 288 ) (1408 -1408 416 ) (1024 -1408 416 ) 
4 289 332 (1024 -1408 288 ) (1024 -1664 288 ) (1024 -1664 672 ) (1024 -1408 672 ) 
4 289 314 (1344 -1408 288 ) (1408 -1408 288 ) (1408 -1472 288 ) (1344 -1472 288 ) 
4 289 315 (1408 -1472 288 ) (1408 -1664 288 ) (1344 -1664 288 ) (1344 -1472 288 ) 
4 289 316 (1024 -1664 288 ) (1024 -1408 288 ) (1344 -1408 288 ) (1344 -1664 288 ) 
4 289 290 (1024 -1664 288 ) (1408 -1664 288 ) (1408 -1664 416 ) (1024 -1664 416 ) 
4 290 333 (1024 -1664 288 ) (1024 -1792 288 ) (1024 -1792 416 ) (1024 -1664 416 ) 
4 290 315 (1344 -1664 288 ) (1408 -1664 288 ) (1408 -1792 288 ) (1344 -1792 288 ) 
4 290 316 (1024 -1792 288 ) (1024 -1664 288 ) (1344 -1664 288 ) (1344 -1792 288 ) 
4 290 291 (1024 -1792 288 ) (1248 -1792 288 ) (1248 -1792 320 ) (1024 -1792 320 ) 
4 291 360 (1024 -1792 288 ) (1024 -1800 288 ) (1024 -1800 320 ) (1024 -1792 320 ) 
4 292 317 (1536 -1024 160 ) (1792 -1024 160 ) (1792 -1248 160 ) (1536 -1248 160 ) 
4 292 298 (1536 -1248 160 ) (1792 -1248 160 ) (1792 -1248 288 ) (1536 -1248 288 ) 
4 293 302 (1248 -1024 160 ) (1248 -1088 160 ) (1248 -1088 288 ) (1248 -1024 288 ) 
4 294 296 (1280 -1112 286.250000 ) (1280 -1112 288 ) (1272 -1112 288 ) (1272 -1112 286.250000 ) 
4 294 295 (1272 -1096 288 ) (1272 -1096 286.250000 ) (1272 -1112 286.250000 ) (1272 -1112 288 ) 
4 295 302 (1248 -1096 160 ) (1248 -1112 160 ) (1248 -1112 288 ) (1248 -1096 288 ) 
4 295 296 (1248 -1112 288 ) (1248 -1112 286.250000 ) (1272 -1112 286.250000 ) (1272 -1112 288 ) 
4 296 302 (1248 -1120 286.250000 ) (1248 -1120 288 ) (1248 -1112 288 ) (1248 -1112 286.250000 ) 
4 296 297 (1248 -1120 288 ) (1248 -1120 286.250000 ) (1280 -1120 286.250000 ) (1280 -1120 288 ) 
4 297 303 (1248 -1248 168 ) (1248 -1248 288 ) (1248 -1120 288 ) (1248 -1120 168 ) 
4 298 317 (1792 -1248 160 ) (1792 -1256 160 ) (1536 -1256 160 ) (1536 -1248 160 ) 
4 298 299 (1536 -1256 160 ) (1792 -1256 160 ) (1792 -1256 288 ) (1536 -1256 288 ) 
4 299 317 (1792 -1256 160 ) (1792 -1272 160 ) (1536 -1272 160 ) (1536 -1256 160 ) 
4 299 301 (1536 -1272 160 ) (1792 -1272 160 ) (1792 -1272 288 ) (1536 -1272 288 ) 
4 300 304 (1248 -1256 160 ) (1248 -1272 160 ) (1248 -1272 288 ) (1248 -1256 288 ) 
4 301 317 (1792 -1272 160 ) (1792 -1280 160 ) (1536 -1280 160 ) (1536 -1272 160 ) 
4 301 310 (1548 -1280 160 ) (1792 -1280 160 ) (1792 -1280 288 ) (1548 -1280 288 ) 
4 302 306 (1120 -1096 160 ) (1120 -1112 160 ) (1120 -1112 288 ) (1120 -1096 288 ) 
4 302 305 (1120 -1024 160 ) (1120 -1088 160 ) (1120 -1088 288 ) (1120 -1024 288 ) 
4 302 303 (1120 -1120 288 ) (1120 -1120 168 ) (1248 -1120 168 ) (1248 -1120 288 ) 
4 303 308 (1120 -1248 168 ) (1120 -1248 288 ) (1120 -1120 288 ) (1120 -1120 168 ) 
4 303 304 (1120 -1248 288 ) (1120 -1248 168 ) (1248 -1248 168 ) (1248 -1248 288 ) 
4 304 316 (1120 -1280 160 ) (1248 -1280 160 ) (1248 -1280 288 ) (1120 -1280 288 ) 
4 304 309 (1120 -1256 160 ) (1120 -1272 160 ) (1120 -1272 288 ) (1120 -1256 288 ) 
4 306 307 (1096 -1096 288 ) (1096 -1096 286.250000 ) (1096 -1112 286.250000 ) (1096 -1112 288 ) 
4 310 319 (1568 -1536 160 ) (1568 -1792 160 ) (1548 -1792 160 ) (1548 -1536 160 ) 
4 310 318 (1568 -1280 160 ) (1792 -1280 160 ) (1792 -1792 160 ) (1568 -1792 160 ) 
4 310 311 (1548 -1296 160 ) (1548 -1792 160 ) (1548 -1792 288 ) (1548 -1296 288 ) 
4 311 319 (1548 -1536 160 ) (1548 -1792 160 ) (1536 -1792 160 ) (1536 -1536 160 ) 
4 311 312 (1536 -1296 160 ) (1536 -1792 160 ) (1536 -1792 288 ) (1536 -1296 288 ) 
4 312 319 (1536 -1536 160 ) (1536 -1792 160 ) (1472 -1792 160 ) (1472 -1536 160 ) 
4 312 314 (1472 -1472 168 ) (1472 -1472 288 ) (1472 -1344 288 ) (1472 -1344 168 ) 
4 312 313 (1472 -1280 288 ) (1472 -1280 160 ) (1472 -1344 160 ) (1472 -1344 288 ) 
4 312 315 (1472 -1472 160 ) (1472 -1792 160 ) (1472 -1792 288 ) (1472 -1472 288 ) 
4 313 314 (1344 -1344 288 ) (1344 -1344 168 ) (1472 -1344 168 ) (1472 -1344 288 ) 
4 313 316 (1344 -1280 288 ) (1344 -1280 160 ) (1344 -1344 160 ) (1344 -1344 288 ) 
4 314 316 (1344 -1472 168 ) (1344 -1472 288 ) (1344 -1344 288 ) (1344 -1344 168 ) 
4 314 315 (1344 -1472 288 ) (1344 -1472 168 ) (1472 -1472 168 ) (1472 -1472 288 ) 
4 315 320 (1472 -1536 160 ) (1472 -1792 160 ) (1344 -1792 160 ) (1344 -1536 160 ) 
4 315 316 (1344 -1472 160 ) (1344 -1792 160 ) (1344 -1792 288 ) (1344 -1472 288 ) 
4 316 333 (1024 -1664 160 ) (1024 -1792 160 ) (1024 -1792 288 ) (1024 -1664 288 ) 
4 316 331 (1024 -1280 160 ) (1024 -1408 160 ) (1024 -1408 288 ) (1024 -1280 288 ) 
4 316 332 (1024 -1408 160 ) (1024 -1664 160 ) (1024 -1664 288 ) (1024 -1408 288 ) 
4 316 324 (1024 -1792 160 ) (1024 -1536 160 ) (1152 -1536 160 ) (1152 -1792 160 ) 
4 316 323 (1280 -1536 160 ) (1280 -1792 160 ) (1152 -1792 160 ) (1152 -1536 160 ) 
4 316 322 (1280 -1344 160 ) (1280 -1472 160 ) (1152 -1472 160 ) (1152 -1344 160 ) 
4 316 321 (1344 -1536 160 ) (1344 -1792 160 ) (1280 -1792 160 ) (1280 -1536 160 ) 
4 317 325 (1536 -1024 128 ) (1792 -1024 128 ) (1792 -1280 128 ) (1536 -1280 128 ) 
4 317 318 (1568 -1280 128 ) (1792 -1280 128 ) (1792 -1280 160 ) (1568 -1280 160 ) 
4 318 329 (1792 -1536 128 ) (1792 -1792 128 ) (1568 -1792 128 ) (1568 -1536 128 ) 
4 318 327 (1568 -1280 128 ) (1792 -1280 128 ) (1792 -1536 128 ) (1568 -1536 128 ) 
4 318 319 (1568 -1536 128 ) (1568 -1792 128 ) (1568 -1792 160 ) (1568 -1536 160 ) 
4 319 329 (1472 -1792 128 ) (1472 -1536 128 ) (1568 -1536 128 ) (1568 -1792 128 ) 
4 319 320 (1472 -1536 128 ) (1472 -1792 128 ) (1472 -1792 160 ) (1472 -1536 160 ) 
4 320 329 (1344 -1792 128 ) (1344 -1536 128 ) (1472 -1536 128 ) (1472 -1792 128 ) 
4 320 321 (1344 -1536 128 ) (1344 -1792 128 ) (1344 -1792 160 ) (1344 -1536 160 ) 
4 321 329 (1280 -1792 128 ) (1280 -1536 128 ) (1344 -1536 128 ) (1344 -1792 128 ) 
4 321 323 (1280 -1536 128 ) (1280 -1792 128 ) (1280 -1792 160 ) (1280 -1536 160 ) 
4 323 329 (1152 -1792 128 ) (1152 -1536 128 ) (1280 -1536 128 ) (1280 -1792 128 ) 
4 323 324 (1152 -1536 128 ) (1152 -1792 128 ) (1152 -1792 160 ) (1152 -1536 160 ) 
4 324 333 (1024 -1664 128 ) (1024 -1792 128 ) (1024 -1792 160 ) (1024 -1664 160 ) 
4 324 332 (1024 -1536 128 ) (1024 -1664 128 ) (1024 -1664 160 ) (1024 -1536 160 ) 
4 324 329 (1024 -1792 128 ) (1024 -1536 128 ) (1152 -1536 128 ) (1152 -1792 128 ) 
4 325 327 (1792 -1280 32 ) (1792 -1280 128 ) (1568 -1280 128 ) (1568 -1280 32 ) 
4 325 326 (1536 -1280 32 ) (1536 -1024 32 ) (1792 -1024 32 ) (1792 -1280 32 ) 
4 326 328 (1568 -1280 0 ) (1792 -1280 0 ) (1792 -1280 32 ) (1568 -1280 32 ) 
4 327 329 (1792 -1536 32 ) (1792 -1536 128 ) (1568 -1536 128 ) (1568 -1536 32 ) 
4 327 328 (1568 -1536 32 ) (1568 -1280 32 ) (1792 -1280 32 ) (1792 -1536 32 ) 
4 328 330 (1568 -1536 0 ) (1792 -1536 0 ) (1792 -1536 32 ) (1568 -1536 32 ) 
4 329 377 (1024 -1792 32 ) (1024 -1792 128 ) (1024 -1536 128 ) (1024 -1536 32 ) 
4 329 330 (1792 -1792 32 ) (1024 -1792 32 ) (1024 -1536 32 ) (1792 -1536 32 ) 
4 330 378 (1024 -1536 0 ) (1024 -1792 0 ) (1024 -1792 32 ) (1024 -1536 32 ) 
4 331 376 (1024 -1280 128 ) (1024 -1408 128 ) (896 -1408 128 ) (896 -1280 128 ) 
4 331 335 (896 -1280 128 ) (896 -1408 128 ) (896 -1408 160 ) (896 -1280 160 ) 
4 331 334 (896 -1408 160 ) (896 -1408 416 ) (896 -1280 416 ) (896 -1280 160 ) 
4 331 332 (896 -1408 416 ) (896 -1408 128 ) (1024 -1408 128 ) (1024 -1408 416 ) 
4 332 377 (1024 -1536 128 ) (1024 -1664 128 ) (896 -1664 128 ) (896 -1536 128 ) 
4 332 376 (1024 -1408 128 ) (1024 -1536 128 ) (896 -1536 128 ) (896 -1408 128 ) 
4 332 336 (896 -1664 144 ) (896 -1664 160 ) (896 -1600 160 ) (896 -1600 144 ) 
4 332 337 (896 -1600 128 ) (896 -1664 128 ) (896 -1664 144 ) (896 -1600 144 ) 
4 332 335 (896 -1408 128 ) (896 -1600 128 ) (896 -1600 160 ) (896 -1408 160 ) 
4 332 334 (896 -1664 160 ) (896 -1664 416 ) (896 -1408 416 ) (896 -1408 160 ) 
4 332 333 (896 -1664 416 ) (896 -1664 128 ) (1024 -1664 128 ) (1024 -1664 416 ) 
4 333 377 (1024 -1664 128 ) (1024 -1792 128 ) (896 -1792 128 ) (896 -1664 128 ) 
4 333 360 (1024 -1792 288 ) (1024 -1792 320 ) (992 -1792 320 ) (992 -1792 288 ) 
4 333 336 (896 -1792 144 ) (896 -1792 160 ) (896 -1664 160 ) (896 -1664 144 ) 
4 333 337 (896 -1664 128 ) (896 -1792 128 ) (896 -1792 144 ) (896 -1664 144 ) 
4 333 334 (896 -1792 160 ) (896 -1792 416 ) (896 -1664 416 ) (896 -1664 160 ) 
4 334 342 (768 -1792 160 ) (768 -1792 288 ) (768 -1664 288 ) (768 -1664 160 ) 
4 334 340 (768 -1504 288 ) (768 -1312 288 ) (768 -1312 160 ) (768 -1504 160 ) 
4 334 339 (768 -1664 416 ) (768 -1536 416 ) (768 -1536 384 ) (768 -1664 384 ) 
4 334 336 (896 -1600 160 ) (896 -1792 160 ) (832 -1792 160 ) (832 -1600 160 ) 
4 334 335 (832 -1280 160 ) (896 -1280 160 ) (896 -1600 160 ) (832 -1600 160 ) 
4 335 377 (832 -1600 128 ) (832 -1536 128 ) (896 -1536 128 ) (896 -1600 128 ) 
4 335 376 (832 -1536 128 ) (832 -1280 128 ) (896 -1280 128 ) (896 -1536 128 ) 
4 335 336 (832 -1600 160 ) (853.335083 -1600 144 ) (896 -1600 144 ) (896 -1600 160 ) 
4 335 337 (832 -1600 144 ) (832 -1600 128 ) (896 -1600 128 ) (896 -1600 144 ) 
4 336 337 (853.335083 -1600 144 ) (896 -1600 144 ) (896 -1792 144 ) (853.335083 -1792 144 ) 
4 337 377 (896 -1792 128 ) (832 -1792 128 ) (832 -1600 128 ) (896 -1600 128 ) 
4 338 343 (736 -1344 288 ) (736 -1472 288 ) (736 -1472 304 ) (736 -1344 304 ) 
4 338 341 (736 -1472 288 ) (736 -1344 288 ) (744 -1344 288 ) (744 -1472 288 ) 
4 341 343 (736 -1344 160 ) (736 -1472 160 ) (736 -1472 288 ) (736 -1344 288 ) 
4 342 370 (768 -1792 160 ) (768 -1792 288 ) (736 -1792 288 ) (736 -1792 160 ) 
4 342 354 (736 -1664 160 ) (736 -1792 160 ) (736 -1792 288 ) (736 -1664 288 ) 
4 344 417 (0 -1280 544 ) (0 -1280 160 ) (0 -1344 160 ) (0 -1344 544 ) 
4 344 356 (0 -1344 160 ) (0 -1280 160 ) (512 -1280 160 ) (512 -1344 160 ) 
4 344 345 (0 -1344 160 ) (512 -1344 160 ) (512 -1344 544 ) (0 -1344 544 ) 
4 345 417 (0 -1344 160 ) (0 -1472 160 ) (0 -1472 544 ) (0 -1344 544 ) 
4 345 357 (512 -1472 160 ) (0 -1472 160 ) (0 -1344 160 ) (512 -1344 160 ) 
4 345 346 (0 -1472 544 ) (0 -1472 160 ) (512 -1472 160 ) (512 -1472 544 ) 
4 346 417 (0 -1472 544 ) (0 -1472 160 ) (0 -1536 160 ) (0 -1536 544 ) 
4 346 359 (256 -1536 160 ) (0 -1536 160 ) (0 -1472 160 ) (256 -1472 160 ) 
4 346 358 (512 -1536 160 ) (256 -1536 160 ) (256 -1472 160 ) (512 -1472 160 ) 
4 346 355 (256 -1536 160 ) (512 -1536 160 ) (512 -1536 288 ) (256 -1536 288 ) 
4 346 347 (256 -1536 288 ) (512 -1536 288 ) (512 -1536 544 ) (256 -1536 544 ) 
4 347 355 (256 -1536 288 ) (512 -1536 288 ) (512 -1664 288 ) (256 -1664 288 ) 
4 347 349 (256 -1664 288 ) (512 -1664 288 ) (512 -1664 544 ) (256 -1664 544 ) 
4 348 354 (736 -1664 288 ) (736 -1696 288 ) (608 -1696 288 ) (608 -1664 288 ) 
4 349 355 (512 -1696 288 ) (256 -1696 288 ) (256 -1664 288 ) (512 -1664 288 ) 
4 349 350 (256 -1696 288 ) (512 -1696 288 ) (512 -1696 544 ) (256 -1696 544 ) 
4 350 355 (512 -1760 288 ) (256 -1760 288 ) (256 -1696 288 ) (512 -1696 288 ) 
4 350 353 (256 -1760 288 ) (512 -1760 288 ) (512 -1760 296 ) (256 -1760 296 ) 
4 350 351 (512 -1760 296 ) (512 -1760 544 ) (256 -1760 544 ) (256 -1760 296 ) 
4 351 366 (512 -1792 544 ) (256 -1792 544 ) (256 -1792 296 ) (512 -1792 296 ) 
4 351 353 (256 -1792 296 ) (256 -1760 296 ) (512 -1760 296 ) (512 -1792 296 ) 
4 352 354 (736 -1760 288 ) (736 -1792 288 ) (608 -1792 288 ) (608 -1760 288 ) 
4 353 366 (256 -1792 288 ) (512 -1792 288 ) (512 -1792 296 ) (256 -1792 296 ) 
4 353 355 (512 -1792 288 ) (256 -1792 288 ) (256 -1760 288 ) (512 -1760 288 ) 
4 354 372 (608 -1792 160 ) (640 -1792 160 ) (640 -1792 288 ) (608 -1792 288 ) 
4 354 370 (640 -1792 160 ) (736 -1792 160 ) (736 -1792 288 ) (640 -1792 288 ) 
4 355 373 (256 -1792 160 ) (512 -1792 160 ) (512 -1792 288 ) (256 -1792 288 ) 
4 355 358 (512 -1792 160 ) (256 -1792 160 ) (256 -1536 160 ) (512 -1536 160 ) 
4 356 421 (0 -1280 128 ) (0 -1344 128 ) (0 -1344 160 ) (0 -1280 160 ) 
4 356 379 (0 -1344 128 ) (0 -1280 128 ) (512 -1280 128 ) (512 -1344 128 ) 
4 356 357 (0 -1344 128 ) (512 -1344 128 ) (512 -1344 160 ) (0 -1344 160 ) 
4 357 421 (0 -1344 128 ) (0 -1472 128 ) (0 -1472 160 ) (0 -1344 160 ) 
4 357 379 (0 -1472 128 ) (0 -1344 128 ) (512 -1344 128 ) (512 -1472 128 ) 
4 357 359 (0 -1472 128 ) (256 -1472 128 ) (256 -1472 160 ) (0 -1472 160 ) 
4 357 358 (256 -1472 128 ) (512 -1472 128 ) (512 -1472 160 ) (256 -1472 160 ) 
4 358 380 (512 -1792 128 ) (256 -1792 128 ) (256 -1536 128 ) (512 -1536 128 ) 
4 358 379 (256 -1536 128 ) (256 -1472 128 ) (512 -1472 128 ) (512 -1536 128 ) 
4 358 374 (256 -1792 128 ) (512 -1792 128 ) (512 -1792 160 ) (256 -1792 160 ) 
4 358 359 (256 -1472 160 ) (256 -1472 128 ) (256 -1536 128 ) (256 -1536 160 ) 
4 359 421 (0 -1472 128 ) (0 -1536 128 ) (0 -1536 160 ) (0 -1472 160 ) 
4 359 379 (0 -1536 128 ) (0 -1472 128 ) (256 -1472 128 ) (256 -1536 128 ) 
4 361 370 (736 -2000 288 ) (736 -1824 288 ) (768 -1824 288 ) (768 -2000 288 ) 
4 361 369 (768 -2000 288 ) (768 -1952 288 ) (800 -1952 288 ) (800 -2000 288 ) 
4 361 368 (768 -1952 288 ) (768 -1824 288 ) (800 -1824 288 ) (800 -1952 288 ) 
4 361 364 (736 -1968 288 ) (736 -2016 288 ) (736 -2016 512 ) (736 -1968 512 ) 
4 361 363 (736 -1872 288 ) (736 -1968 288 ) (736 -1968 512 ) (736 -1872 512 ) 
4 361 362 (736 -1824 288 ) (736 -1872 288 ) (736 -1872 512 ) (736 -1824 512 ) 
4 362 370 (640 -1872 288 ) (640 -1824 288 ) (736 -1824 288 ) (736 -1872 288 ) 
4 362 365 (640 -1824 288 ) (640 -1872 288 ) (640 -1872 512 ) (640 -1824 512 ) 
4 362 363 (640 -1872 512 ) (640 -1872 288 ) (736 -1872 288 ) (736 -1872 512 ) 
4 363 370 (640 -1968 288 ) (640 -1872 288 ) (736 -1872 288 ) (736 -1968 288 ) 
4 363 365 (640 -1872 288 ) (640 -1968 288 ) (640 -1968 512 ) (640 -1872 512 ) 
4 363 364 (640 -1968 512 ) (640 -1968 288 ) (736 -1968 288 ) (736 -1968 512 ) 
4 364 370 (640 -2000 288 ) (640 -1968 288 ) (736 -1968 288 ) (736 -2000 288 ) 
4 364 365 (640 -1968 288 ) (640 -2016 288 ) (640 -2016 512 ) (640 -1968 512 ) 
4 365 372 (608 -2000 288 ) (608 -1824 288 ) (640 -1824 288 ) (640 -2000 288 ) 
4 366 375 (256 -2016 288 ) (512 -2016 288 ) (512 -2016 544 ) (256 -2016 544 ) 
4 366 373 (512 -2016 288 ) (256 -2016 288 ) (256 -1792 288 ) (512 -1792 288 ) 
4 367 368 (800 -1824 256 ) (800 -1824 224 ) (800 -1952 224 ) (800 -1952 256 ) 
4 368 370 (768 -1824 160 ) (768 -1952 160 ) (768 -1952 288 ) (768 -1824 288 ) 
4 368 369 (768 -1952 288 ) (768 -1952 160 ) (800 -1952 160 ) (800 -1952 288 ) 
4 369 370 (768 -1952 160 ) (768 -2000 160 ) (768 -2000 288 ) (768 -1952 288 ) 
4 370 372 (640 -1792 160 ) (640 -2000 160 ) (640 -2000 288 ) (640 -1792 288 ) 
4 370 371 (640 -2000 256 ) (640 -2000 224 ) (768 -2000 224 ) (768 -2000 256 ) 
4 373 375 (512 -2016 288 ) (256 -2016 288 ) (256 -2016 160 ) (512 -2016 160 ) 
4 373 374 (512 -2016 160 ) (256 -2016 160 ) (256 -1792 160 ) (512 -1792 160 ) 
4 374 380 (512 -2016 128 ) (256 -2016 128 ) (256 -1792 128 ) (512 -1792 128 ) 
4 374 375 (256 -2016 128 ) (512 -2016 128 ) (512 -2016 160 ) (256 -2016 160 ) 
4 375 387 (256 -2048 160 ) (256 -2048 128 ) (512 -2048 128 ) (512 -2048 160 ) 
4 375 384 (256 -2048 544 ) (256 -2048 160 ) (512 -2048 160 ) (512 -2048 544 ) 
4 375 380 (512 -2048 128 ) (256 -2048 128 ) (256 -2016 128 ) (512 -2016 128 ) 
4 376 378 (832 -1536 32 ) (832 -1280 32 ) (1024 -1280 32 ) (1024 -1536 32 ) 
4 376 377 (832 -1536 128 ) (832 -1536 32 ) (1024 -1536 32 ) (1024 -1536 128 ) 
4 377 378 (1024 -1792 32 ) (832 -1792 32 ) (832 -1536 32 ) (1024 -1536 32 ) 
4 379 421 (0 -1536 128 ) (0 -1280 128 ) (0 -1280 32 ) (0 -1536 32 ) 
4 379 380 (512 -1536 32 ) (512 -1536 128 ) (256 -1536 128 ) (256 -1536 32 ) 
4 380 387 (512 -2048 128 ) (256 -2048 128 ) (256 -2048 32 ) (512 -2048 32 ) 
4 381 392 (1024 -2560 672 ) (1024 -2304 672 ) (1024 -2304 160 ) (1024 -2560 160 ) 
4 381 382 (1664 -2304 160 ) (2048 -2304 160 ) (2048 -2560 160 ) (1664 -2560 160 ) 
4 381 383 (1024 -2560 160 ) (1024 -2304 160 ) (1408 -2304 160 ) (1408 -2560 160 ) 
4 383 392 (1024 -2560 32 ) (1024 -2560 160 ) (1024 -2304 160 ) (1024 -2304 32 ) 
4 384 393 (544 -2304 160 ) (768 -2304 160 ) (768 -2304 544 ) (544 -2304 544 ) 
4 384 387 (512 -2304 160 ) (256 -2304 160 ) (256 -2048 160 ) (512 -2048 160 ) 
4 384 385 (256 -2240 416 ) (256 -2240 672 ) (256 -2112 672 ) (256 -2112 416 ) 
4 385 386 (224 -2240 416 ) (224 -2240 672 ) (224 -2112 672 ) (224 -2112 416 ) 
4 386 438 (0 -2304 160 ) (0 -2304 544 ) (0 -2048 544 ) (0 -2048 160 ) 
4 386 437 (0 -2304 544 ) (0 -2304 672 ) (0 -2048 672 ) (0 -2048 544 ) 
4 386 389 (64 -2112 160 ) (64 -2048 160 ) (192 -2048 160 ) (192 -2112 160 ) 
4 386 390 (192 -2304 160 ) (64 -2304 160 ) (64 -2240 160 ) (192 -2240 160 ) 
4 386 388 (224 -2304 160 ) (192 -2304 160 ) (192 -2048 160 ) (224 -2048 160 ) 
4 386 391 (64 -2304 160 ) (0 -2304 160 ) (0 -2048 160 ) (64 -2048 160 ) 
4 388 389 (192 -2048 32 ) (192 -2112 32 ) (192 -2112 160 ) (192 -2048 160 ) 
4 388 390 (192 -2240 32 ) (192 -2304 32 ) (192 -2304 160 ) (192 -2240 160 ) 
4 389 391 (64 -2048 32 ) (64 -2112 32 ) (64 -2112 160 ) (64 -2048 160 ) 
4 390 391 (64 -2240 32 ) (64 -2304 32 ) (64 -2304 160 ) (64 -2240 160 ) 
4 391 438 (0 -2304 32 ) (0 -2304 160 ) (0 -2048 160 ) (0 -2048 32 ) 
4 392 393 (768 -2304 544 ) (768 -2304 160 ) (768 -2560 160 ) (768 -2560 544 ) 
4 394 398 (-32 0 321 ) (-288 0 321 ) (-288 0 193 ) (-32 0 193 ) 
4 394 396 (0 0 193 ) (0 0 321 ) (-32 0 321 ) (-32 0 193 ) 
4 396 398 (-32 -192 193 ) (-32 -192 321 ) (-32 0 321 ) (-32 0 193 ) 
4 397 399 (-32 -448 160 ) (-32 -448 416 ) (-32 -320 416 ) (-32 -320 160 ) 
4 399 400 (-64 -320 416 ) (-64 -320 32 ) (-64 -448 32 ) (-64 -448 416 ) 
4 400 422 (-64 -1024 32 ) (-64 -1024 160 ) (-288 -1024 160 ) (-288 -1024 32 ) 
4 400 419 (-64 -1024 160 ) (-64 -1024 544 ) (-288 -1024 544 ) (-288 -1024 160 ) 
4 401 408 (-832 -1024 1248 ) (-896 -1024 1248 ) (-896 -1024 752 ) (-832 -1024 752 ) 
4 401 410 (-896 -1024 752 ) (-896 -1024 736 ) (-832 -1024 736 ) (-832 -1024 752 ) 
4 401 407 (-672 -1024 736 ) (-672 -1024 1248 ) (-832 -1024 1248 ) (-832 -1024 736 ) 
4 401 411 (-896 -1024 1248 ) (-1024 -1024 1248 ) (-1024 -1024 736 ) (-896 -1024 736 ) 
4 401 402 (-1024 -997.859985 736 ) (-1024 -1024 736 ) (-1024 -1024 1248 ) (-1024 -997.859985 1248 ) 
4 402 426 (-1024 -1024 736 ) (-1024 -1024 960 ) (-1056 -1024 960 ) (-1056 -1024 736 ) 
4 402 424 (-1024 -1024 960 ) (-1024 -1024 1024 ) (-1056 -1024 1024 ) (-1056 -1024 960 ) 
4 402 423 (-1024 -1024 1024 ) (-1024 -1024 1248 ) (-1056 -1024 1248 ) (-1056 -1024 1024 ) 
4 403 405 (-920 -1069.859985 1280 ) (-808 -1069.859985 1280 ) (-808 -1181.859985 1280 ) (-920 -1181.859985 1280 ) 
4 403 404 (-800 -1237.859985 1504 ) (-800 -1237.859985 1664 ) (-928 -1237.859985 1664 ) (-928 -1237.859985 1504 ) 
4 404 430 (-928 -2048 1664 ) (-928 -2048 1504 ) (-800 -2048 1504 ) (-800 -2048 1664 ) 
4 405 409 (-896 -1069.859985 1248 ) (-832 -1069.859985 1248 ) (-832 -1181.859985 1248 ) (-896 -1181.859985 1248 ) 
4 405 407 (-832 -1069.859985 1248 ) (-808 -1069.859985 1248 ) (-808 -1181.859985 1248 ) (-832 -1181.859985 1248 ) 
4 405 411 (-920 -1069.859985 1248 ) (-896 -1069.859985 1248 ) (-896 -1181.859985 1248 ) (-920 -1181.859985 1248 ) 
4 406 407 (-672 -1189.859985 1024 ) (-672 -1061.859985 1024 ) (-672 -1061.859985 960 ) (-672 -1189.859985 960 ) 
4 407 414 (-832 -1189.859985 736 ) (-672 -1189.859985 736 ) (-672 -1189.859985 864 ) (-832 -1189.859985 864 ) 
4 407 413 (-672 -1189.859985 960 ) (-672 -1189.859985 992 ) (-832 -1189.859985 992 ) (-832 -1189.859985 960 ) 
4 407 412 (-672 -1189.859985 992 ) (-672 -1189.859985 1024 ) (-832 -1189.859985 1024 ) (-832 -1189.859985 992 ) 
6 407 409 (-832 -1189.859985 760 ) (-832 -1189.859985 1248 ) (-832 -1061.859985 1248 ) (-832 -1061.859985 760.009033 ) (-832 -1093.896118 752 ) (-832 -1157.860596 752 ) 
4 407 408 (-832 -1061.859985 1248 ) (-832 -1024 1248 ) (-832 -1024 752 ) (-832 -1061.859985 752 ) 
4 407 410 (-832 -1024 736 ) (-832 -1189.859985 736 ) (-832 -1189.859985 752 ) (-832 -1024 752 ) 
4 408 409 (-896 -1061.859985 1248 ) (-896 -1061.859985 760.009033 ) (-832 -1061.859985 760.009033 ) (-832 -1061.859985 1248 ) 
4 408 410 (-896 -1061.859985 752 ) (-896 -1024 752 ) (-832 -1024 752 ) (-832 -1061.859985 752 ) 
4 408 411 (-896 -1061.859985 1248 ) (-896 -1024 1248 ) (-896 -1024 752 ) (-896 -1061.859985 752 ) 
4 409 414 (-832 -1189.859985 760 ) (-832 -1189.859985 864 ) (-896 -1189.859985 864 ) (-896 -1189.859985 760 ) 
4 409 413 (-832 -1189.859985 960 ) (-832 -1189.859985 992 ) (-896 -1189.859985 992 ) (-896 -1189.859985 960 ) 
4 409 412 (-832 -1189.859985 992 ) (-832 -1189.859985 1024 ) (-896 -1189.859985 1024 ) (-896 -1189.859985 992 ) 
4 409 410 (-896 -1157.860596 752 ) (-896 -1093.896118 752 ) (-832 -1093.896118 752 ) (-832 -1157.860596 752 ) 
6 409 411 (-896 -1189.859985 760 ) (-896 -1189.859985 1248 ) (-896 -1061.859985 1248 ) (-896 -1061.859985 760.009033 ) (-896 -1093.896118 752 ) (-896 -1157.860596 752 ) 
4 410 416 (-832 -1061.859985 736 ) (-832 -1189.859985 736 ) (-896 -1189.859985 736 ) (-896 -1061.859985 736 ) 
4 410 414 (-896 -1189.859985 736 ) (-832 -1189.859985 736 ) (-832 -1189.859985 752 ) (-896 -1189.859985 752 ) 
4 410 411 (-896 -1024 736 ) (-896 -1189.859985 736 ) (-896 -1189.859985 752 ) (-896 -1024 752 ) 
4 411 426 (-1024 -1024 960 ) (-1024 -1024 736 ) (-1024 -1189.859985 736 ) (-1024 -1189.859985 960 ) 
4 411 424 (-1024 -1024 1024 ) (-1024 -1024 960 ) (-1024 -1189.859985 960 ) (-1024 -1189.859985 1024 ) 
4 411 423 (-1024 -1024 1248 ) (-1024 -1024 1024 ) (-1024 -1189.859985 1024 ) (-1024 -1189.859985 1248 ) 
4 411 414 (-1024 -1189.859985 736 ) (-896 -1189.859985 736 ) (-896 -1189.859985 864 ) (-1024 -1189.859985 864 ) 
4 411 413 (-896 -1189.859985 960 ) (-896 -1189.859985 992 ) (-1024 -1189.859985 992 ) (-1024 -1189.859985 960 ) 
4 411 412 (-896 -1189.859985 992 ) (-896 -1189.859985 1024 ) (-1024 -1189.859985 1024 ) (-1024 -1189.859985 992 ) 
4 412 425 (-1024 -1253.859985 992 ) (-1024 -1253.859985 1024 ) (-1024 -1205.859985 1024 ) (-1024 -1205.859985 992 ) 
4 412 424 (-1024 -1205.859985 1024 ) (-1024 -1189.859985 1024 ) (-1024 -1189.859985 992 ) (-1024 -1205.859985 992 ) 
4 412 413 (-1024 -1205.859985 992 ) (-1024 -1189.859985 992 ) (-672 -1189.859985 992 ) (-672 -1205.859985 992 ) 
4 413 424 (-1024 -1205.859985 992 ) (-1024 -1189.859985 992 ) (-1024 -1189.859985 960 ) (-1024 -1205.859985 960 ) 
4 414 427 (-1024 -1189.859985 736 ) (-1024 -1253.859985 736 ) (-1024 -1253.859985 864 ) (-1024 -1189.859985 864 ) 
4 414 415 (-960 -1253.859985 736 ) (-768 -1253.859985 736 ) (-768 -1253.859985 864 ) (-960 -1253.859985 864 ) 
4 417 421 (0 -1280 160 ) (0 -1536 160 ) (-32 -1536 160 ) (-32 -1280 160 ) 
4 417 418 (-32 -1280 160 ) (-32 -1536 160 ) (-32 -1536 544 ) (-32 -1280 544 ) 
4 418 421 (-32 -1280 160 ) (-32 -1536 160 ) (-64 -1536 160 ) (-64 -1280 160 ) 
4 418 419 (-64 -1280 160 ) (-64 -1536 160 ) (-64 -1536 544 ) (-64 -1280 544 ) 
4 419 422 (-288 -1024 160 ) (-64 -1024 160 ) (-64 -1536 160 ) (-288 -1536 160 ) 
4 419 420 (-288 -1536 160 ) (-64 -1536 160 ) (-64 -1536 416 ) (-288 -1536 416 ) 
4 420 444 (-736 -2048 416 ) (-736 -2048 160 ) (-512 -2048 160 ) (-512 -2048 416 ) 
4 421 422 (-64 -1536 32 ) (-64 -1536 160 ) (-64 -1280 160 ) (-64 -1280 32 ) 
4 423 424 (-1056 -1189.859985 1024 ) (-1056 -1024 1024 ) (-1024 -1024 1024 ) (-1024 -1189.859985 1024 ) 
4 424 429 (-1056 -1189.859985 1024 ) (-1056 -1061.859985 1024 ) (-1056 -1061.859985 960 ) (-1056 -1189.859985 960 ) 
4 424 426 (-1056 -1189.859985 960 ) (-1056 -1024 960 ) (-1024 -1024 960 ) (-1024 -1189.859985 960 ) 
4 424 425 (-1024 -1205.859985 992 ) (-1024 -1205.859985 1024 ) (-1056 -1205.859985 1024 ) (-1056 -1205.859985 992 ) 
4 426 427 (-1056 -1189.859985 736 ) (-1024 -1189.859985 736 ) (-1024 -1189.859985 864 ) (-1056 -1189.859985 864 ) 
4 428 473 (-2048 -2048 2216 ) (-2048 -2048 2144 ) (-1984 -2048 2144 ) (-1984 -2048 2216 ) 
4 430 435 (-928 -2181.859863 1504 ) (-800 -2181.859863 1504 ) (-800 -2181.859863 1528 ) (-928 -2181.859863 1528 ) 
4 430 434 (-800 -2181.859863 1528 ) (-800 -2181.859863 1664 ) (-928 -2181.859863 1664 ) (-928 -2181.859863 1528 ) 
4 431 432 (-480 -2329.859863 1548 ) (-480 -2329.859863 1652 ) (-480 -2225.859863 1652 ) (-480 -2225.859863 1548 ) 
4 432 435 (-792 -2181.859863 1528 ) (-792 -2181.859863 1504 ) (-792 -2373.859863 1504 ) (-792 -2373.859863 1528 ) 
4 432 434 (-792 -2181.859863 1664 ) (-792 -2181.859863 1528 ) (-792 -2373.859863 1528 ) (-792 -2373.859863 1664 ) 
4 432 433 (-792 -2181.859863 1696 ) (-792 -2181.859863 1664 ) (-792 -2373.859863 1664 ) (-792 -2373.859863 1696 ) 
4 433 436 (-936 -2181.859863 1696 ) (-936 -2181.859863 1664 ) (-936 -2373.859863 1664 ) (-936 -2373.859863 1696 ) 
4 433 434 (-936 -2373.859863 1664 ) (-936 -2181.859863 1664 ) (-792 -2181.859863 1664 ) (-792 -2373.859863 1664 ) 
4 434 436 (-936 -2181.859863 1664 ) (-936 -2181.859863 1528 ) (-936 -2373.859863 1528 ) (-936 -2373.859863 1664 ) 
4 434 435 (-936 -2373.859863 1528 ) (-936 -2181.859863 1528 ) (-792 -2181.859863 1528 ) (-792 -2373.859863 1528 ) 
4 435 436 (-936 -2181.859863 1528 ) (-936 -2181.859863 1504 ) (-936 -2373.859863 1504 ) (-936 -2373.859863 1528 ) 
4 436 466 (-1024 -2373.859863 1696 ) (-1024 -2341.859863 1696 ) (-1024 -2341.859863 1504 ) (-1024 -2373.859863 1504 ) 
4 436 452 (-1024 -2341.859863 1696 ) (-1024 -2213.859863 1696 ) (-1024 -2213.859863 1504 ) (-1024 -2341.859863 1504 ) 
4 436 447 (-1024 -2213.859863 1696 ) (-1024 -2181.859863 1696 ) (-1024 -2181.859863 1504 ) (-1024 -2213.859863 1504 ) 
4 437 438 (0 -2304 544 ) (-64 -2304 544 ) (-64 -2048 544 ) (0 -2048 544 ) 
4 438 440 (-192 -2240 160 ) (-192 -2240 544 ) (-192 -2112 544 ) (-192 -2112 160 ) 
4 438 439 (-192 -2048 32 ) (-192 -2112 32 ) (-192 -2112 544 ) (-192 -2048 544 ) 
4 438 441 (-192 -2240 32 ) (-192 -2304 32 ) (-192 -2304 544 ) (-192 -2240 544 ) 
4 439 440 (-320 -2112 544 ) (-320 -2112 160 ) (-192 -2112 160 ) (-192 -2112 544 ) 
4 439 442 (-320 -2048 32 ) (-320 -2112 32 ) (-320 -2112 544 ) (-320 -2048 544 ) 
4 440 442 (-320 -2240 160 ) (-320 -2240 544 ) (-320 -2112 544 ) (-320 -2112 160 ) 
4 440 441 (-320 -2240 544 ) (-320 -2240 160 ) (-192 -2240 160 ) (-192 -2240 544 ) 
4 441 442 (-320 -2240 32 ) (-320 -2304 32 ) (-320 -2304 544 ) (-320 -2240 544 ) 
4 442 444 (-512 -2304 160 ) (-512 -2304 416 ) (-512 -2048 416 ) (-512 -2048 160 ) 
4 442 443 (-512 -2304 416 ) (-512 -2304 544 ) (-512 -2048 544 ) (-512 -2048 416 ) 
4 443 444 (-576 -2048 416 ) (-512 -2048 416 ) (-512 -2304 416 ) (-576 -2304 416 ) 
4 445 449 (-1488 -2181.859863 1216 ) (-1488 -2181.859863 1472 ) (-1840 -2181.859863 1472 ) (-1840 -2181.859863 1216 ) 
4 446 459 (-1888 -2213.859863 3008 ) (-1888 -2213.859863 1696 ) (-1376 -2213.859863 1696 ) (-1376 -2213.859863 3008 ) 
4 446 457 (-1376 -2213.859863 1696 ) (-1328 -2213.859863 1696 ) (-1328 -2213.859863 3008 ) (-1376 -2213.859863 3008 ) 
4 446 448 (-1328 -2213.859863 1696 ) (-1888 -2213.859863 1696 ) (-1888 -2181.859863 1696 ) (-1328 -2181.859863 1696 ) 
4 447 452 (-1248 -2213.859863 1504 ) (-1024 -2213.859863 1504 ) (-1024 -2213.859863 1696 ) (-1248 -2213.859863 1696 ) 
4 448 459 (-1888 -2213.859863 1696 ) (-1888 -2213.859863 1504 ) (-1376 -2213.859863 1504 ) (-1376 -2213.859863 1696 ) 
4 448 457 (-1376 -2213.859863 1504 ) (-1328 -2213.859863 1504 ) (-1328 -2213.859863 1696 ) (-1376 -2213.859863 1696 ) 
4 449 450 (-1840 -2195.859863 1472 ) (-1840 -2195.859863 1336 ) (-1488 -2195.859863 1336 ) (-1488 -2195.859863 1472 ) 
4 450 451 (-1840 -2207.859863 1472 ) (-1840 -2207.859863 1336 ) (-1488 -2207.859863 1336 ) (-1488 -2207.859863 1472 ) 
4 451 461 (-1840 -2213.859863 1216 ) (-1488 -2213.859863 1216 ) (-1488 -2213.859863 1472 ) (-1840 -2213.859863 1472 ) 
4 452 466 (-1024 -2341.859863 1504 ) (-1024 -2341.859863 1696 ) (-1248 -2341.859863 1696 ) (-1248 -2341.859863 1504 ) 
4 452 453 (-1248 -2329.859863 1548 ) (-1248 -2329.859863 1652 ) (-1248 -2225.859863 1652 ) (-1248 -2225.859863 1548 ) 
4 453 457 (-1328 -2329.859863 1548 ) (-1328 -2329.859863 1652 ) (-1328 -2225.859863 1652 ) (-1328 -2225.859863 1548 ) 
4 454 458 (-1760 -2213.859863 3040 ) (-1504 -2213.859863 3040 ) (-1504 -2341.859863 3040 ) (-1760 -2341.859863 3040 ) 
4 455 456 (-1888 -2213.859863 3296 ) (-1776 -2213.859863 3296 ) (-1776 -2341.859863 3296 ) (-1888 -2341.859863 3296 ) 
4 456 458 (-1888 -2213.859863 3040 ) (-1776 -2213.859863 3040 ) (-1776 -2341.859863 3040 ) (-1888 -2341.859863 3040 ) 
4 457 467 (-1328 -2341.859863 1504 ) (-1328 -2341.859863 1696 ) (-1376 -2341.859863 1696 ) (-1376 -2341.859863 1504 ) 
4 457 465 (-1328 -2341.859863 1696 ) (-1328 -2341.859863 3008 ) (-1376 -2341.859863 3008 ) (-1376 -2341.859863 1696 ) 
4 457 459 (-1376 -2341.859863 1504 ) (-1376 -2341.859863 3008 ) (-1376 -2213.859863 3008 ) (-1376 -2213.859863 1504 ) 
4 458 459 (-1888 -2213.859863 3008 ) (-1504 -2213.859863 3008 ) (-1504 -2341.859863 3008 ) (-1888 -2341.859863 3008 ) 
4 459 467 (-1888 -2341.859863 1696 ) (-1888 -2341.859863 1504 ) (-1376 -2341.859863 1504 ) (-1376 -2341.859863 1696 ) 
4 459 465 (-1888 -2341.859863 3008 ) (-1888 -2341.859863 1696 ) (-1376 -2341.859863 1696 ) (-1376 -2341.859863 3008 ) 
4 459 460 (-1888 -2213.859863 1504 ) (-1376 -2213.859863 1504 ) (-1376 -2341.859863 1504 ) (-1888 -2341.859863 1504 ) 
4 460 462 (-1488 -2338.859863 1472 ) (-1488 -2341.859863 1472 ) (-1840 -2341.859863 1472 ) (-1840 -2338.859863 1472 ) 
4 460 461 (-1840 -2213.859863 1472 ) (-1488 -2213.859863 1472 ) (-1488 -2338.859863 1472 ) (-1840 -2338.859863 1472 ) 
4 461 464 (-1840 -2338.859863 1262.500000 ) (-1840 -2338.859863 1216 ) (-1826.963135 -2338.859863 1216 ) (-1826.963135 -2338.859863 1262.500000 ) 
4 461 463 (-1744 -2338.859863 1216 ) (-1584 -2338.859863 1216 ) (-1584 -2338.859863 1262.500000 ) (-1744 -2338.859863 1262.500000 ) 
4 461 462 (-1840 -2338.859863 1472 ) (-1840 -2338.859863 1262.500000 ) (-1488 -2338.859863 1262.500000 ) (-1488 -2338.859863 1472 ) 
4 462 471 (-1826.963135 -2341.859863 1472 ) (-1840 -2341.859863 1472 ) (-1840 -2341.859863 1262.500000 ) (-1826.963135 -2341.859863 1262.500000 ) 
4 462 468 (-1488 -2341.859863 1262.500000 ) (-1488 -2341.859863 1472 ) (-1826.963135 -2341.859863 1472 ) (-1826.963135 -2341.859863 1262.500000 ) 
4 462 464 (-1840 -2341.859863 1262.500000 ) (-1840 -2338.859863 1262.500000 ) (-1826.963135 -2338.859863 1262.500000 ) (-1826.963135 -2341.859863 1262.500000 ) 
4 462 463 (-1744 -2338.859863 1262.500000 ) (-1584 -2338.859863 1262.500000 ) (-1584 -2341.859863 1262.500000 ) (-1744 -2341.859863 1262.500000 ) 
4 463 469 (-1744 -2341.859863 1216 ) (-1584 -2341.859863 1216 ) (-1584 -2341.859863 1262.500000 ) (-1744 -2341.859863 1262.500000 ) 
4 464 471 (-1840 -2341.859863 1216 ) (-1826.963135 -2341.859863 1216 ) (-1826.963135 -2341.859863 1262.500000 ) (-1840 -2341.859863 1262.500000 ) 
4 465 467 (-1328 -2373.859863 1696 ) (-1888 -2373.859863 1696 ) (-1888 -2341.859863 1696 ) (-1328 -2341.859863 1696 ) 
4 468 471 (-1826.963135 -2353.859863 1262.500000 ) (-1826.963135 -2353.859863 1472 ) (-1826.963135 -2341.859863 1472 ) (-1826.963135 -2341.859863 1262.500000 ) 
4 468 469 (-1584 -2353.859863 1262.500000 ) (-1744 -2353.859863 1262.500000 ) (-1744 -2341.859863 1262.500000 ) (-1584 -2341.859863 1262.500000 ) 
4 468 470 (-1826.963135 -2353.859863 1472 ) (-1826.963135 -2353.859863 1262.500000 ) (-1488 -2353.859863 1262.500000 ) (-1488 -2353.859863 1472 ) 
4 469 470 (-1744 -2353.859863 1216 ) (-1584 -2353.859863 1216 ) (-1584 -2353.859863 1262.500000 ) (-1744 -2353.859863 1262.500000 ) 
4 470 472 (-1826.963135 -2373.859863 1216 ) (-1488 -2373.859863 1216 ) (-1488 -2373.859863 1472 ) (-1826.963135 -2373.859863 1472 ) 
4 470 471 (-1826.963135 -2353.859863 1216 ) (-1826.963135 -2373.859863 1216 ) (-1826.963135 -2373.859863 1472 ) (-1826.963135 -2353.859863 1472 ) 
4 471 472 (-1840 -2373.859863 1216 ) (-1826.963135 -2373.859863 1216 ) (-1826.963135 -2373.859863 1472 ) (-1840 -2373.859863 1472 ) 
4 474 475 (-2136 -2048 2152 ) (-2136 -2048 2224 ) (-2200 -2048 2224 ) (-2200 -2048 2152 ) 
