PRT1
14
38
4 0 6 (0 0 -576 ) (0 0 960 ) (0 636 960 ) (0 636 -576 ) 
4 0 1 (0 636 960 ) (0 768 960 ) (0 768 -576 ) (0 636 -576 ) 
4 1 6 (-450 636 -576 ) (0 636 -576 ) (0 636 960 ) (-450 636 960 ) 
4 1 3 (-450 636 320 ) (-450 636 960 ) (-450 640 960 ) (-450 640 320 ) 
4 1 4 (-450 640 -576 ) (-450 636 -576 ) (-450 636 194 ) (-450 640 194 ) 
4 1 2 (-450 768 960 ) (-450 768 -576 ) (-450 640 -576 ) (-450 640 960 ) 
4 2 3 (-572 640 960 ) (-572 640 320 ) (-450 640 320 ) (-450 640 960 ) 
4 2 4 (-572 640 194 ) (-572 640 -576 ) (-450 640 -576 ) (-450 640 194 ) 
4 2 5 (-572 768 960 ) (-572 768 -576 ) (-572 640 -576 ) (-572 640 960 ) 
4 3 7 (-480 636 960 ) (-544 636 960 ) (-544 636 320 ) (-480 636 320 ) 
4 3 6 (-450 636 320 ) (-450 636 960 ) (-480 636 960 ) (-480 636 320 ) 
4 3 12 (-544 636 960 ) (-572 636 960 ) (-572 636 320 ) (-544 636 320 ) 
4 3 5 (-572 636 320 ) (-572 636 960 ) (-572 640 960 ) (-572 640 320 ) 
4 4 7 (-544 636 -576 ) (-480 636 -576 ) (-480 636 194 ) (-544 636 194 ) 
4 4 6 (-480 636 -576 ) (-450 636 -576 ) (-450 636 194 ) (-480 636 194 ) 
4 4 12 (-572 636 -576 ) (-544 636 -576 ) (-544 636 194 ) (-572 636 194 ) 
4 4 5 (-572 640 -576 ) (-572 636 -576 ) (-572 636 194 ) (-572 640 194 ) 
4 5 13 (-1024 636 960 ) (-1024 768 960 ) (-1024 768 -576 ) (-1024 636 -576 ) 
4 5 12 (-1024 636 -576 ) (-572 636 -576 ) (-572 636 960 ) (-1024 636 960 ) 
4 6 9 (-480 16 64 ) (-480 16 224 ) (-480 80 224 ) (-480 80 64 ) 
4 6 8 (-480 16 224 ) (-480 16 960 ) (-480 80 960 ) (-480 80 224 ) 
4 6 10 (-480 80 -576 ) (-480 16 -576 ) (-480 16 64 ) (-480 80 64 ) 
4 6 7 (-480 636 960 ) (-480 636 -576 ) (-480 80 -576 ) (-480 80 960 ) 
4 6 11 (-480 16 -576 ) (-480 0 -576 ) (-480 0 960 ) (-480 16 960 ) 
4 7 9 (-544 80 224 ) (-544 80 64 ) (-480 80 64 ) (-480 80 224 ) 
4 7 8 (-544 80 960 ) (-544 80 224 ) (-480 80 224 ) (-480 80 960 ) 
4 7 10 (-544 80 64 ) (-544 80 -576 ) (-480 80 -576 ) (-480 80 64 ) 
4 7 12 (-544 636 960 ) (-544 636 -576 ) (-544 80 -576 ) (-544 80 960 ) 
4 8 11 (-544 16 960 ) (-544 16 224 ) (-480 16 224 ) (-480 16 960 ) 
4 8 12 (-544 16 224 ) (-544 16 960 ) (-544 80 960 ) (-544 80 224 ) 
4 8 9 (-480 16 224 ) (-544 16 224 ) (-544 80 224 ) (-480 80 224 ) 
4 9 10 (-480 16 64 ) (-544 16 64 ) (-544 80 64 ) (-480 80 64 ) 
4 9 11 (-544 16 224 ) (-544 16 64 ) (-480 16 64 ) (-480 16 224 ) 
4 9 12 (-544 16 64 ) (-544 16 224 ) (-544 80 224 ) (-544 80 64 ) 
4 10 12 (-544 80 -576 ) (-544 16 -576 ) (-544 16 64 ) (-544 80 64 ) 
4 10 11 (-544 16 64 ) (-544 16 -576 ) (-480 16 -576 ) (-480 16 64 ) 
4 11 12 (-544 16 -576 ) (-544 0 -576 ) (-544 0 960 ) (-544 16 960 ) 
4 12 13 (-1024 0 -576 ) (-1024 0 960 ) (-1024 636 960 ) (-1024 636 -576 ) 
