PRT1
47
95
4 0 12 (0 464 -720 ) (0 464 160 ) (0 656 160 ) (0 656 -720 ) 
4 0 1 (0 464 160 ) (0 464 0 ) (64 464 0 ) (64 464 160 ) 
4 1 13 (0 0 0 ) (0 0 160 ) (0 464 160 ) (0 464 0 ) 
4 1 7 (64 0 0 ) (64 0 160 ) (0 0 160 ) (0 0 0 ) 
4 2 6 (64 -524 160 ) (64 -524 192 ) (64 -480 192 ) (64 -480 160 ) 
4 2 7 (64 -480 0 ) (64 -524 0 ) (64 -524 160 ) (64 -480 160 ) 
4 2 5 (64 -524 44 ) (64 -524 0 ) (384 -524 0 ) (384 -524 44 ) 
4 2 4 (64 -524 148 ) (64 -524 44 ) (384 -524 44 ) (384 -524 148 ) 
4 2 3 (64 -524 192 ) (64 -524 148 ) (384 -524 148 ) (384 -524 192 ) 
4 3 10 (64 -628 160 ) (64 -628 148 ) (72 -628 148 ) (72 -628 160 ) 
4 3 9 (72 -628 192 ) (64 -628 192 ) (64 -628 160 ) (72 -628 160 ) 
4 3 8 (384 -628 192 ) (72 -628 192 ) (72 -628 148 ) (384 -628 148 ) 
4 3 6 (64 -628 160 ) (64 -628 192 ) (64 -524 192 ) (64 -524 160 ) 
4 3 7 (64 -628 148 ) (64 -628 160 ) (64 -524 160 ) (64 -524 148 ) 
4 3 4 (384 -628 148 ) (64 -628 148 ) (64 -524 148 ) (384 -524 148 ) 
4 4 10 (72 -628 148 ) (64 -628 148 ) (64 -628 44 ) (72 -628 44 ) 
4 4 8 (384 -628 148 ) (72 -628 148 ) (72 -628 44 ) (384 -628 44 ) 
4 4 7 (64 -628 44 ) (64 -628 148 ) (64 -524 148 ) (64 -524 44 ) 
4 4 5 (384 -628 44 ) (64 -628 44 ) (64 -524 44 ) (384 -524 44 ) 
4 5 11 (64 -628 0 ) (72 -628 0 ) (72 -628 24 ) (64 -628 24 ) 
4 5 10 (72 -628 24 ) (72 -628 44 ) (64 -628 44 ) (64 -628 24 ) 
4 5 8 (72 -628 0 ) (384 -628 0 ) (384 -628 44 ) (72 -628 44 ) 
4 5 7 (64 -524 0 ) (64 -628 0 ) (64 -628 44 ) (64 -524 44 ) 
4 6 23 (0 -628 192 ) (0 -512 192 ) (0 -512 160 ) (0 -628 160 ) 
4 6 18 (0 -512 192 ) (0 -480 192 ) (0 -480 160 ) (0 -512 160 ) 
4 6 9 (64 -628 160 ) (64 -628 192 ) (0 -628 192 ) (0 -628 160 ) 
4 6 7 (64 -480 160 ) (64 -628 160 ) (0 -628 160 ) (0 -480 160 ) 
4 7 23 (0 -512 0 ) (0 -628 0 ) (0 -628 160 ) (0 -512 160 ) 
4 7 18 (0 -480 0 ) (0 -512 0 ) (0 -512 160 ) (0 -480 160 ) 
4 7 15 (0 -432 0 ) (0 -480 0 ) (0 -480 160 ) (0 -432 160 ) 
4 7 14 (0 0 160 ) (0 0 0 ) (0 -432 0 ) (0 -432 160 ) 
4 7 11 (0 -628 0 ) (64 -628 0 ) (64 -628 24 ) (0 -628 24 ) 
4 7 10 (64 -628 24 ) (64 -628 160 ) (0 -628 160 ) (0 -628 24 ) 
4 8 11 (72 -628 24 ) (72 -628 0 ) (72 -672 0 ) (72 -672 24 ) 
4 8 10 (72 -628 160 ) (72 -628 24 ) (72 -672 24 ) (72 -672 160 ) 
4 8 9 (72 -628 192 ) (72 -628 160 ) (72 -672 160 ) (72 -672 192 ) 
4 9 37 (0 -672 192 ) (0 -640 192 ) (0 -640 160 ) (0 -672 160 ) 
4 9 23 (0 -640 192 ) (0 -628 192 ) (0 -628 160 ) (0 -640 160 ) 
4 9 10 (0 -672 160 ) (0 -628 160 ) (72 -628 160 ) (72 -672 160 ) 
4 10 45 (0 -720 24 ) (0 -776 24 ) (0 -776 160 ) (0 -720 160 ) 
4 10 43 (0 -672 24 ) (0 -720 24 ) (0 -720 160 ) (0 -672 160 ) 
4 10 37 (0 -640 24 ) (0 -672 24 ) (0 -672 160 ) (0 -640 160 ) 
4 10 23 (0 -628 160 ) (0 -628 24 ) (0 -640 24 ) (0 -640 160 ) 
4 10 11 (0 -672 24 ) (0 -628 24 ) (72 -628 24 ) (72 -672 24 ) 
4 11 37 (0 -640 0 ) (0 -672 0 ) (0 -672 24 ) (0 -640 24 ) 
4 11 23 (0 -628 24 ) (0 -628 0 ) (0 -640 0 ) (0 -640 24 ) 
4 12 13 (-64 464 160 ) (-64 464 0 ) (0 464 0 ) (0 464 160 ) 
4 13 14 (0 0 0 ) (0 0 160 ) (-64 0 160 ) (-64 0 0 ) 
4 14 15 (0 -432 0 ) (0 -432 160 ) (-64 -432 160 ) (-64 -432 0 ) 
4 15 18 (0 -480 0 ) (0 -480 160 ) (-64 -480 160 ) (-64 -480 0 ) 
4 16 20 (-624 -480 -32 ) (-976 -480 -32 ) (-976 -480 -288 ) (-624 -480 -288 ) 
4 17 30 (-1024 -512 1504 ) (-1024 -512 192 ) (-512 -512 192 ) (-512 -512 1504 ) 
4 17 28 (-512 -512 192 ) (-464 -512 192 ) (-464 -512 1504 ) (-512 -512 1504 ) 
4 17 19 (-464 -512 192 ) (-1024 -512 192 ) (-1024 -480 192 ) (-464 -480 192 ) 
4 18 23 (-384 -512 0 ) (0 -512 0 ) (0 -512 192 ) (-384 -512 192 ) 
4 19 30 (-1024 -512 192 ) (-1024 -512 0 ) (-512 -512 0 ) (-512 -512 192 ) 
4 19 28 (-512 -512 0 ) (-464 -512 0 ) (-464 -512 192 ) (-512 -512 192 ) 
4 20 21 (-976 -494 -32 ) (-976 -494 -168 ) (-624 -494 -168 ) (-624 -494 -32 ) 
4 21 22 (-976 -506 -32 ) (-976 -506 -168 ) (-624 -506 -168 ) (-624 -506 -32 ) 
4 22 35 (-976 -512 -288 ) (-962.963074 -512 -288 ) (-962.963074 -512 -32 ) (-976 -512 -32 ) 
4 22 32 (-962.963074 -512 -288 ) (-624 -512 -288 ) (-624 -512 -32 ) (-962.963074 -512 -32 ) 
4 23 37 (0 -640 0 ) (0 -640 192 ) (-384 -640 192 ) (-384 -640 0 ) 
4 23 24 (-384 -628 44 ) (-384 -628 148 ) (-384 -524 148 ) (-384 -524 44 ) 
4 24 28 (-464 -628 44 ) (-464 -628 148 ) (-464 -524 148 ) (-464 -524 44 ) 
4 25 29 (-896 -512 1536 ) (-640 -512 1536 ) (-640 -640 1536 ) (-896 -640 1536 ) 
4 26 27 (-912 -640 1792 ) (-912 -640 2368 ) (-912 -512 2368 ) (-912 -512 1792 ) 
4 27 29 (-1024 -512 1536 ) (-912 -512 1536 ) (-912 -640 1536 ) (-1024 -640 1536 ) 
4 28 38 (-464 -640 0 ) (-464 -640 192 ) (-512 -640 192 ) (-512 -640 0 ) 
4 28 36 (-464 -640 192 ) (-464 -640 1504 ) (-512 -640 1504 ) (-512 -640 192 ) 
4 28 30 (-512 -640 0 ) (-512 -640 1504 ) (-512 -512 1504 ) (-512 -512 0 ) 
4 29 30 (-1024 -512 1504 ) (-640 -512 1504 ) (-640 -640 1504 ) (-1024 -640 1504 ) 
4 30 38 (-1024 -640 192 ) (-1024 -640 0 ) (-512 -640 0 ) (-512 -640 192 ) 
4 30 36 (-1024 -640 1504 ) (-1024 -640 192 ) (-512 -640 192 ) (-512 -640 1504 ) 
4 30 31 (-1024 -512 0 ) (-512 -512 0 ) (-512 -640 0 ) (-1024 -640 0 ) 
4 31 35 (-976 -512 -32 ) (-962.963074 -512 -32 ) (-962.963074 -640 -32 ) (-976 -640 -32 ) 
4 31 33 (-624 -637 -32 ) (-624 -640 -32 ) (-962.963074 -640 -32 ) (-962.963074 -637 -32 ) 
4 31 32 (-962.963074 -512 -32 ) (-624 -512 -32 ) (-624 -637 -32 ) (-962.963074 -637 -32 ) 
4 32 35 (-962.963074 -512 -288 ) (-962.963074 -637 -288 ) (-962.963074 -637 -32 ) (-962.963074 -512 -32 ) 
4 32 34 (-880 -637 -288 ) (-720 -637 -288 ) (-720 -637 -241.500000 ) (-880 -637 -241.500000 ) 
4 32 33 (-962.963074 -637 -32 ) (-962.963074 -637 -241.500000 ) (-624 -637 -241.500000 ) (-624 -637 -32 ) 
4 33 39 (-624 -640 -241.500000 ) (-624 -640 -32 ) (-962.963074 -640 -32 ) (-962.963074 -640 -241.500000 ) 
4 33 35 (-962.963074 -640 -241.500000 ) (-962.963074 -640 -32 ) (-962.963074 -637 -32 ) (-962.963074 -637 -241.500000 ) 
4 33 34 (-880 -637 -241.500000 ) (-720 -637 -241.500000 ) (-720 -640 -241.500000 ) (-880 -640 -241.500000 ) 
4 34 40 (-880 -640 -288 ) (-720 -640 -288 ) (-720 -640 -241.500000 ) (-880 -640 -241.500000 ) 
4 35 41 (-976 -640 -288 ) (-962.963074 -640 -288 ) (-962.963074 -640 -241.500000 ) (-976 -640 -241.500000 ) 
4 35 39 (-962.963074 -640 -241.500000 ) (-962.963074 -640 -32 ) (-976 -640 -32 ) (-976 -640 -241.500000 ) 
4 36 38 (-464 -672 192 ) (-1024 -672 192 ) (-1024 -640 192 ) (-464 -640 192 ) 
4 37 43 (0 -672 24 ) (0 -672 160 ) (-72 -672 160 ) (-72 -672 24 ) 
4 39 41 (-962.963074 -652 -241.500000 ) (-976 -652 -241.500000 ) (-976 -640 -241.500000 ) (-962.963074 -640 -241.500000 ) 
4 39 40 (-720 -652 -241.500000 ) (-880 -652 -241.500000 ) (-880 -640 -241.500000 ) (-720 -640 -241.500000 ) 
4 39 42 (-976 -652 -32 ) (-976 -652 -241.500000 ) (-624 -652 -241.500000 ) (-624 -652 -32 ) 
4 40 42 (-880 -652 -288 ) (-720 -652 -288 ) (-720 -652 -241.500000 ) (-880 -652 -241.500000 ) 
4 41 42 (-976 -652 -241.500000 ) (-976 -652 -288 ) (-962.963074 -652 -288 ) (-962.963074 -652 -241.500000 ) 
4 42 44 (-624 -672 -32 ) (-976 -672 -32 ) (-976 -672 -288 ) (-624 -672 -288 ) 
4 43 45 (0 -720 24 ) (0 -720 160 ) (-72 -720 160 ) (-72 -720 24 ) 
